2023-12-14T22:40:31.398+09:00  INFO 6168 --- [restartedMain] com.example.item.ItemApplication         : Starting ItemApplication using Java 17.0.9 with PID 6168 (/Users/yongbin/dev/SpringPractice/spring-msa/item-service/build/classes/java/main started by yongbin in /Users/yongbin/dev/SpringPractice/spring-msa/item-service)
2023-12-14T22:40:31.400+09:00 DEBUG 6168 --- [restartedMain] com.example.item.ItemApplication         : Running with Spring Boot v3.2.0, Spring v6.1.1
2023-12-14T22:40:31.401+09:00  INFO 6168 --- [restartedMain] com.example.item.ItemApplication         : No active profile set, falling back to 1 default profile: "default"
2023-12-14T22:40:31.455+09:00  INFO 6168 --- [restartedMain] .e.DevToolsPropertyDefaultsPostProcessor : Devtools property defaults active! Set 'spring.devtools.add-properties' to 'false' to disable
2023-12-14T22:40:31.455+09:00  INFO 6168 --- [restartedMain] .e.DevToolsPropertyDefaultsPostProcessor : For additional web related logging consider setting the 'logging.level.web' property to 'DEBUG'
2023-12-14T22:40:32.282+09:00  INFO 6168 --- [restartedMain] o.s.b.w.embedded.tomcat.TomcatWebServer  : Tomcat initialized with port 8080 (http)
2023-12-14T22:40:32.292+09:00  INFO 6168 --- [restartedMain] o.apache.catalina.core.StandardService   : Starting service [Tomcat]
2023-12-14T22:40:32.293+09:00  INFO 6168 --- [restartedMain] o.apache.catalina.core.StandardEngine    : Starting Servlet engine: [Apache Tomcat/10.1.16]
2023-12-14T22:40:32.336+09:00  INFO 6168 --- [restartedMain] o.a.c.c.C.[Tomcat].[localhost].[/]       : Initializing Spring embedded WebApplicationContext
2023-12-14T22:40:32.347+09:00  INFO 6168 --- [restartedMain] w.s.c.ServletWebServerApplicationContext : Root WebApplicationContext: initialization completed in 891 ms
2023-12-14T22:40:32.634+09:00  INFO 6168 --- [restartedMain] o.s.b.d.a.OptionalLiveReloadServer       : LiveReload server is running on port 35729
2023-12-14T22:40:32.663+09:00  INFO 6168 --- [restartedMain] o.s.b.w.embedded.tomcat.TomcatWebServer  : Tomcat started on port 8080 (http) with context path ''
2023-12-14T22:40:32.670+09:00  INFO 6168 --- [restartedMain] com.example.item.ItemApplication         : Started ItemApplication in 1.66 seconds (process running for 2.241)
2023-12-14T22:42:40.883+09:00  INFO 6168 --- [http-nio-8080-exec-2] o.a.c.c.C.[Tomcat].[localhost].[/]       : Initializing Spring DispatcherServlet 'dispatcherServlet'
2023-12-14T22:42:40.883+09:00  INFO 6168 --- [http-nio-8080-exec-2] o.s.web.servlet.DispatcherServlet        : Initializing Servlet 'dispatcherServlet'
2023-12-14T22:42:40.884+09:00  INFO 6168 --- [http-nio-8080-exec-2] o.s.web.servlet.DispatcherServlet        : Completed initialization in 1 ms
2023-12-14T22:45:47.597+09:00  INFO 6168 --- [File Watcher] rtingClassPathChangeChangedEventListener : Restarting due to 3 class path changes (1 addition, 0 deletions, 2 modifications)
2023-12-14T22:45:47.802+09:00  INFO 6168 --- [restartedMain] com.example.item.ItemApplication         : Starting ItemApplication using Java 17.0.9 with PID 6168 (/Users/yongbin/dev/SpringPractice/spring-msa/item-service/build/classes/java/main started by yongbin in /Users/yongbin/dev/SpringPractice/spring-msa/item-service)
2023-12-14T22:45:47.803+09:00 DEBUG 6168 --- [restartedMain] com.example.item.ItemApplication         : Running with Spring Boot v3.2.0, Spring v6.1.1
2023-12-14T22:45:47.804+09:00  INFO 6168 --- [restartedMain] com.example.item.ItemApplication         : No active profile set, falling back to 1 default profile: "default"
2023-12-14T22:45:48.157+09:00  INFO 6168 --- [restartedMain] o.s.b.w.embedded.tomcat.TomcatWebServer  : Tomcat initialized with port 8080 (http)
2023-12-14T22:45:48.158+09:00  INFO 6168 --- [restartedMain] o.apache.catalina.core.StandardService   : Starting service [Tomcat]
2023-12-14T22:45:48.158+09:00  INFO 6168 --- [restartedMain] o.apache.catalina.core.StandardEngine    : Starting Servlet engine: [Apache Tomcat/10.1.16]
2023-12-14T22:45:48.166+09:00  INFO 6168 --- [restartedMain] o.a.c.c.C.[Tomcat].[localhost].[/]       : Initializing Spring embedded WebApplicationContext
2023-12-14T22:45:48.189+09:00  INFO 6168 --- [restartedMain] w.s.c.ServletWebServerApplicationContext : Root WebApplicationContext: initialization completed in 376 ms
2023-12-14T22:45:48.241+09:00  INFO 6168 --- [restartedMain] o.s.b.d.a.OptionalLiveReloadServer       : LiveReload server is running on port 35729
2023-12-14T22:45:48.248+09:00  INFO 6168 --- [restartedMain] o.s.b.w.embedded.tomcat.TomcatWebServer  : Tomcat started on port 8080 (http) with context path ''
2023-12-14T22:45:48.251+09:00  INFO 6168 --- [restartedMain] com.example.item.ItemApplication         : Started ItemApplication in 0.529 seconds (process running for 317.819)
2023-12-14T22:45:48.252+09:00  INFO 6168 --- [restartedMain] .ConditionEvaluationDeltaLoggingListener : Condition evaluation unchanged
2023-12-14T22:46:26.914+09:00  INFO 6168 --- [File Watcher] rtingClassPathChangeChangedEventListener : Restarting due to 2 class path changes (0 additions, 0 deletions, 2 modifications)
2023-12-14T22:46:27.004+09:00  INFO 6168 --- [restartedMain] com.example.item.ItemApplication         : Starting ItemApplication using Java 17.0.9 with PID 6168 (/Users/yongbin/dev/SpringPractice/spring-msa/item-service/build/classes/java/main started by yongbin in /Users/yongbin/dev/SpringPractice/spring-msa/item-service)
2023-12-14T22:46:27.004+09:00 DEBUG 6168 --- [restartedMain] com.example.item.ItemApplication         : Running with Spring Boot v3.2.0, Spring v6.1.1
2023-12-14T22:46:27.004+09:00  INFO 6168 --- [restartedMain] com.example.item.ItemApplication         : No active profile set, falling back to 1 default profile: "default"
2023-12-14T22:46:27.128+09:00  INFO 6168 --- [restartedMain] o.s.b.w.embedded.tomcat.TomcatWebServer  : Tomcat initialized with port 8080 (http)
2023-12-14T22:46:27.128+09:00  INFO 6168 --- [restartedMain] o.apache.catalina.core.StandardService   : Starting service [Tomcat]
2023-12-14T22:46:27.128+09:00  INFO 6168 --- [restartedMain] o.apache.catalina.core.StandardEngine    : Starting Servlet engine: [Apache Tomcat/10.1.16]
2023-12-14T22:46:27.135+09:00  INFO 6168 --- [restartedMain] o.a.c.c.C.[Tomcat].[localhost].[/]       : Initializing Spring embedded WebApplicationContext
2023-12-14T22:46:27.135+09:00  INFO 6168 --- [restartedMain] w.s.c.ServletWebServerApplicationContext : Root WebApplicationContext: initialization completed in 129 ms
2023-12-14T22:46:27.203+09:00  INFO 6168 --- [restartedMain] o.s.b.d.a.OptionalLiveReloadServer       : LiveReload server is running on port 35729
2023-12-14T22:46:27.210+09:00  INFO 6168 --- [restartedMain] o.s.b.w.embedded.tomcat.TomcatWebServer  : Tomcat started on port 8080 (http) with context path ''
2023-12-14T22:46:27.214+09:00  INFO 6168 --- [restartedMain] com.example.item.ItemApplication         : Started ItemApplication in 0.228 seconds (process running for 356.782)
2023-12-14T22:46:27.215+09:00  INFO 6168 --- [restartedMain] .ConditionEvaluationDeltaLoggingListener : Condition evaluation unchanged
2023-12-14T22:47:32.679+09:00  INFO 6168 --- [http-nio-8080-exec-1] o.a.c.c.C.[Tomcat].[localhost].[/]       : Initializing Spring DispatcherServlet 'dispatcherServlet'
2023-12-14T22:47:32.680+09:00  INFO 6168 --- [http-nio-8080-exec-1] o.s.web.servlet.DispatcherServlet        : Initializing Servlet 'dispatcherServlet'
2023-12-14T22:47:32.682+09:00  INFO 6168 --- [http-nio-8080-exec-1] o.s.web.servlet.DispatcherServlet        : Completed initialization in 1 ms
2023-12-14T22:47:32.742+09:00 DEBUG 6168 --- [http-nio-8080-exec-1] c.e.item.controller.ItemController       : request add item id  = 1234
2023-12-14T22:47:38.087+09:00  INFO 6168 --- [File Watcher] rtingClassPathChangeChangedEventListener : Restarting due to 2 class path changes (0 additions, 0 deletions, 2 modifications)
2023-12-14T22:47:38.144+09:00  INFO 6168 --- [restartedMain] com.example.item.ItemApplication         : Starting ItemApplication using Java 17.0.9 with PID 6168 (/Users/yongbin/dev/SpringPractice/spring-msa/item-service/build/classes/java/main started by yongbin in /Users/yongbin/dev/SpringPractice/spring-msa/item-service)
2023-12-14T22:47:38.144+09:00 DEBUG 6168 --- [restartedMain] com.example.item.ItemApplication         : Running with Spring Boot v3.2.0, Spring v6.1.1
2023-12-14T22:47:38.144+09:00  INFO 6168 --- [restartedMain] com.example.item.ItemApplication         : No active profile set, falling back to 1 default profile: "default"
2023-12-14T22:47:38.263+09:00  INFO 6168 --- [restartedMain] o.s.b.w.embedded.tomcat.TomcatWebServer  : Tomcat initialized with port 8080 (http)
2023-12-14T22:47:38.264+09:00  INFO 6168 --- [restartedMain] o.apache.catalina.core.StandardService   : Starting service [Tomcat]
2023-12-14T22:47:38.264+09:00  INFO 6168 --- [restartedMain] o.apache.catalina.core.StandardEngine    : Starting Servlet engine: [Apache Tomcat/10.1.16]
2023-12-14T22:47:38.270+09:00  INFO 6168 --- [restartedMain] o.a.c.c.C.[Tomcat].[localhost].[/]       : Initializing Spring embedded WebApplicationContext
2023-12-14T22:47:38.270+09:00  INFO 6168 --- [restartedMain] w.s.c.ServletWebServerApplicationContext : Root WebApplicationContext: initialization completed in 124 ms
2023-12-14T22:47:38.313+09:00  INFO 6168 --- [restartedMain] o.s.b.d.a.OptionalLiveReloadServer       : LiveReload server is running on port 35729
2023-12-14T22:47:38.321+09:00  INFO 6168 --- [restartedMain] o.s.b.w.embedded.tomcat.TomcatWebServer  : Tomcat started on port 8080 (http) with context path ''
2023-12-14T22:47:38.325+09:00  INFO 6168 --- [restartedMain] com.example.item.ItemApplication         : Started ItemApplication in 0.198 seconds (process running for 427.892)
2023-12-14T22:47:38.326+09:00  INFO 6168 --- [restartedMain] .ConditionEvaluationDeltaLoggingListener : Condition evaluation unchanged
