2023-12-17T15:20:35.252+09:00  INFO 11616 --- [item-service] [restartedMain] org.msa.item.ItemApplication             : The following 1 profile is active: "local"
2023-12-17T15:20:35.477+09:00  INFO 11616 --- [item-service] [restartedMain] .s.d.r.c.RepositoryConfigurationDelegate : Bootstrapping Spring Data JPA repositories in DEFAULT mode.
2023-12-17T15:20:35.485+09:00  INFO 11616 --- [item-service] [restartedMain] .s.d.r.c.RepositoryConfigurationDelegate : Finished Spring Data repository scanning in 7 ms. Found 1 JPA repository interface.
2023-12-17T15:20:35.538+09:00  INFO 11616 --- [item-service] [restartedMain] o.s.cloud.context.scope.GenericScope     : BeanFactory id=87655ba4-a19e-38ea-a158-1622ca79c49b
2023-12-17T15:20:35.599+09:00  INFO 11616 --- [item-service] [restartedMain] o.s.b.w.embedded.tomcat.TomcatWebServer  : Tomcat initialized with port 8081 (http)
2023-12-17T15:20:35.600+09:00  INFO 11616 --- [item-service] [restartedMain] o.apache.catalina.core.StandardService   : Starting service [Tomcat]
2023-12-17T15:20:35.600+09:00  INFO 11616 --- [item-service] [restartedMain] o.apache.catalina.core.StandardEngine    : Starting Servlet engine: [Apache Tomcat/10.1.16]
2023-12-17T15:20:35.612+09:00  INFO 11616 --- [item-service] [restartedMain] o.a.c.c.C.[Tomcat].[localhost].[/]       : Initializing Spring embedded WebApplicationContext
2023-12-17T15:20:35.612+09:00  INFO 11616 --- [item-service] [restartedMain] w.s.c.ServletWebServerApplicationContext : Root WebApplicationContext: initialization completed in 355 ms
2023-12-17T15:20:35.648+09:00  INFO 11616 --- [item-service] [restartedMain] o.hibernate.jpa.internal.util.LogHelper  : HHH000204: Processing PersistenceUnitInfo [name: default]
2023-12-17T15:20:35.650+09:00  INFO 11616 --- [item-service] [restartedMain] o.h.c.internal.RegionFactoryInitiator    : HHH000026: Second-level cache disabled
2023-12-17T15:20:35.652+09:00  INFO 11616 --- [item-service] [restartedMain] o.s.o.j.p.SpringPersistenceUnitInfo      : No LoadTimeWeaver setup: ignoring JPA class transformer
2023-12-17T15:20:35.653+09:00  INFO 11616 --- [item-service] [restartedMain] com.zaxxer.hikari.HikariDataSource       : HikariPool-5 - Starting...
2023-12-17T15:20:35.660+09:00  INFO 11616 --- [item-service] [restartedMain] com.zaxxer.hikari.pool.HikariPool        : HikariPool-5 - Added connection com.mysql.cj.jdbc.ConnectionImpl@50b376dd
2023-12-17T15:20:35.660+09:00  INFO 11616 --- [item-service] [restartedMain] com.zaxxer.hikari.HikariDataSource       : HikariPool-5 - Start completed.
2023-12-17T15:20:35.661+09:00  WARN 11616 --- [item-service] [restartedMain] org.hibernate.orm.deprecation            : HHH90000025: MySQL8Dialect does not need to be specified explicitly using 'hibernate.dialect' (remove the property setting and it will be selected by default)
2023-12-17T15:20:35.661+09:00  WARN 11616 --- [item-service] [restartedMain] org.hibernate.orm.deprecation            : HHH90000026: MySQL8Dialect has been deprecated; use org.hibernate.dialect.MySQLDialect instead
2023-12-17T15:20:35.681+09:00  INFO 11616 --- [item-service] [restartedMain] o.h.e.t.j.p.i.JtaPlatformInitiator       : HHH000489: No JTA platform available (set 'hibernate.transaction.jta.platform' to enable JTA platform integration)
2023-12-17T15:20:35.716+09:00  INFO 11616 --- [item-service] [restartedMain] j.LocalContainerEntityManagerFactoryBean : Initialized JPA EntityManagerFactory for persistence unit 'default'
2023-12-17T15:20:35.797+09:00  WARN 11616 --- [item-service] [restartedMain] JpaBaseConfiguration$JpaWebConfiguration : spring.jpa.open-in-view is enabled by default. Therefore, database queries may be performed during view rendering. Explicitly configure spring.jpa.open-in-view to disable this warning
2023-12-17T15:20:36.080+09:00  INFO 11616 --- [item-service] [restartedMain] o.s.b.d.a.OptionalLiveReloadServer       : LiveReload server is running on port 35729
2023-12-17T15:20:36.111+09:00  INFO 11616 --- [item-service] [restartedMain] o.s.b.w.embedded.tomcat.TomcatWebServer  : Tomcat started on port 8081 (http) with context path ''
2023-12-17T15:20:36.119+09:00  INFO 11616 --- [item-service] [restartedMain] org.msa.item.ItemApplication             : Started ItemApplication in 1.014 seconds (process running for 122.008)
2023-12-17T15:20:36.120+09:00  INFO 11616 --- [item-service] [restartedMain] .ConditionEvaluationDeltaLoggingListener : Condition evaluation unchanged
2023-12-17T15:21:11.682+09:00  INFO 11616 --- [item-service] [http-nio-8081-exec-1] o.a.c.c.C.[Tomcat].[localhost].[/]       : Initializing Spring DispatcherServlet 'dispatcherServlet'
2023-12-17T15:21:11.683+09:00  INFO 11616 --- [item-service] [http-nio-8081-exec-1] o.s.web.servlet.DispatcherServlet        : Initializing Servlet 'dispatcherServlet'
2023-12-17T15:21:11.685+09:00  INFO 11616 --- [item-service] [http-nio-8081-exec-1] o.s.web.servlet.DispatcherServlet        : Completed initialization in 2 ms
2023-12-17T15:21:11.703+09:00  WARN 11616 --- [item-service] [http-nio-8081-exec-1] .m.m.a.ExceptionHandlerExceptionResolver : Resolved [org.springframework.web.servlet.resource.NoResourceFoundException: No static resource .]
2023-12-17T15:21:12.050+09:00  WARN 11616 --- [item-service] [http-nio-8081-exec-2] .m.m.a.ExceptionHandlerExceptionResolver : Resolved [org.springframework.web.servlet.resource.NoResourceFoundException: No static resource favicon.ico.]
2023-12-17T15:21:17.060+09:00  INFO 11616 --- [item-service] [SpringApplicationShutdownHook] j.LocalContainerEntityManagerFactoryBean : Closing JPA EntityManagerFactory for persistence unit 'default'
2023-12-17T15:21:17.060+09:00  INFO 11616 --- [item-service] [SpringApplicationShutdownHook] com.zaxxer.hikari.HikariDataSource       : HikariPool-5 - Shutdown initiated...
2023-12-17T15:21:17.062+09:00  INFO 11616 --- [item-service] [SpringApplicationShutdownHook] com.zaxxer.hikari.HikariDataSource       : HikariPool-5 - Shutdown completed.
2023-12-17T15:21:19.982+09:00  INFO 11840 --- [item-service] [restartedMain] org.msa.item.ItemApplication             : The following 1 profile is active: "local"
2023-12-17T15:21:20.526+09:00  INFO 11840 --- [item-service] [restartedMain] .s.d.r.c.RepositoryConfigurationDelegate : Bootstrapping Spring Data JPA repositories in DEFAULT mode.
2023-12-17T15:21:20.564+09:00  INFO 11840 --- [item-service] [restartedMain] .s.d.r.c.RepositoryConfigurationDelegate : Finished Spring Data repository scanning in 31 ms. Found 1 JPA repository interface.
2023-12-17T15:21:20.714+09:00  INFO 11840 --- [item-service] [restartedMain] o.s.cloud.context.scope.GenericScope     : BeanFactory id=87655ba4-a19e-38ea-a158-1622ca79c49b
2023-12-17T15:21:21.134+09:00  INFO 11840 --- [item-service] [restartedMain] o.s.b.w.embedded.tomcat.TomcatWebServer  : Tomcat initialized with port 8081 (http)
2023-12-17T15:21:21.141+09:00  INFO 11840 --- [item-service] [restartedMain] o.apache.catalina.core.StandardService   : Starting service [Tomcat]
2023-12-17T15:21:21.141+09:00  INFO 11840 --- [item-service] [restartedMain] o.apache.catalina.core.StandardEngine    : Starting Servlet engine: [Apache Tomcat/10.1.16]
2023-12-17T15:21:21.180+09:00  INFO 11840 --- [item-service] [restartedMain] o.a.c.c.C.[Tomcat].[localhost].[/]       : Initializing Spring embedded WebApplicationContext
2023-12-17T15:21:21.181+09:00  INFO 11840 --- [item-service] [restartedMain] w.s.c.ServletWebServerApplicationContext : Root WebApplicationContext: initialization completed in 1186 ms
2023-12-17T15:21:21.307+09:00  INFO 11840 --- [item-service] [restartedMain] o.hibernate.jpa.internal.util.LogHelper  : HHH000204: Processing PersistenceUnitInfo [name: default]
2023-12-17T15:21:21.352+09:00  INFO 11840 --- [item-service] [restartedMain] org.hibernate.Version                    : HHH000412: Hibernate ORM core version 6.3.1.Final
2023-12-17T15:21:21.383+09:00  INFO 11840 --- [item-service] [restartedMain] o.h.c.internal.RegionFactoryInitiator    : HHH000026: Second-level cache disabled
2023-12-17T15:21:21.587+09:00  INFO 11840 --- [item-service] [restartedMain] o.s.o.j.p.SpringPersistenceUnitInfo      : No LoadTimeWeaver setup: ignoring JPA class transformer
2023-12-17T15:21:21.610+09:00  INFO 11840 --- [item-service] [restartedMain] com.zaxxer.hikari.HikariDataSource       : HikariPool-1 - Starting...
2023-12-17T15:21:21.737+09:00  INFO 11840 --- [item-service] [restartedMain] com.zaxxer.hikari.pool.HikariPool        : HikariPool-1 - Added connection com.mysql.cj.jdbc.ConnectionImpl@61e07569
2023-12-17T15:21:21.738+09:00  INFO 11840 --- [item-service] [restartedMain] com.zaxxer.hikari.HikariDataSource       : HikariPool-1 - Start completed.
2023-12-17T15:21:21.775+09:00  WARN 11840 --- [item-service] [restartedMain] org.hibernate.orm.deprecation            : HHH90000025: MySQL8Dialect does not need to be specified explicitly using 'hibernate.dialect' (remove the property setting and it will be selected by default)
2023-12-17T15:21:21.775+09:00  WARN 11840 --- [item-service] [restartedMain] org.hibernate.orm.deprecation            : HHH90000026: MySQL8Dialect has been deprecated; use org.hibernate.dialect.MySQLDialect instead
2023-12-17T15:21:22.467+09:00  INFO 11840 --- [item-service] [restartedMain] o.h.e.t.j.p.i.JtaPlatformInitiator       : HHH000489: No JTA platform available (set 'hibernate.transaction.jta.platform' to enable JTA platform integration)
2023-12-17T15:21:22.531+09:00  INFO 11840 --- [item-service] [restartedMain] j.LocalContainerEntityManagerFactoryBean : Initialized JPA EntityManagerFactory for persistence unit 'default'
2023-12-17T15:21:22.849+09:00  WARN 11840 --- [item-service] [restartedMain] JpaBaseConfiguration$JpaWebConfiguration : spring.jpa.open-in-view is enabled by default. Therefore, database queries may be performed during view rendering. Explicitly configure spring.jpa.open-in-view to disable this warning
2023-12-17T15:21:23.626+09:00  INFO 11840 --- [item-service] [restartedMain] o.s.b.d.a.OptionalLiveReloadServer       : LiveReload server is running on port 35729
2023-12-17T15:21:23.705+09:00  INFO 11840 --- [item-service] [restartedMain] o.s.b.w.embedded.tomcat.TomcatWebServer  : Tomcat started on port 8081 (http) with context path ''
2023-12-17T15:21:23.717+09:00  INFO 11840 --- [item-service] [restartedMain] org.msa.item.ItemApplication             : Started ItemApplication in 4.796 seconds (process running for 5.411)
2023-12-17T15:21:34.669+09:00  INFO 11840 --- [item-service] [http-nio-8081-exec-1] o.a.c.c.C.[Tomcat].[localhost].[/]       : Initializing Spring DispatcherServlet 'dispatcherServlet'
2023-12-17T15:21:34.670+09:00  INFO 11840 --- [item-service] [http-nio-8081-exec-1] o.s.web.servlet.DispatcherServlet        : Initializing Servlet 'dispatcherServlet'
2023-12-17T15:21:34.673+09:00  INFO 11840 --- [item-service] [http-nio-8081-exec-1] o.s.web.servlet.DispatcherServlet        : Completed initialization in 1 ms
2023-12-17T15:30:11.008+09:00  INFO 11840 --- [item-service] [File Watcher] rtingClassPathChangeChangedEventListener : Restarting due to 1 class path change (0 additions, 0 deletions, 1 modification)
2023-12-17T15:30:11.049+09:00  INFO 11840 --- [item-service] [Thread-7] j.LocalContainerEntityManagerFactoryBean : Closing JPA EntityManagerFactory for persistence unit 'default'
2023-12-17T15:30:11.062+09:00  INFO 11840 --- [item-service] [Thread-7] com.zaxxer.hikari.HikariDataSource       : HikariPool-1 - Shutdown initiated...
2023-12-17T15:30:11.085+09:00  INFO 11840 --- [item-service] [Thread-7] com.zaxxer.hikari.HikariDataSource       : HikariPool-1 - Shutdown completed.
2023-12-17T15:30:11.089+09:00  INFO 11840 --- [item-service] [Thread-7] o.apache.catalina.core.StandardService   : Stopping service [Tomcat]
2023-12-17T15:30:11.091+09:00  INFO 11840 --- [item-service] [Thread-7] o.a.c.c.C.[Tomcat].[localhost].[/]       : Destroying Spring FrameworkServlet 'dispatcherServlet'
2023-12-17T15:30:11.436+09:00  INFO 11840 --- [item-service] [restartedMain] org.msa.item.ItemApplication             : The following 1 profile is active: "local"
2023-12-17T15:30:11.671+09:00  INFO 11840 --- [item-service] [restartedMain] .s.d.r.c.RepositoryConfigurationDelegate : Bootstrapping Spring Data JPA repositories in DEFAULT mode.
2023-12-17T15:30:11.680+09:00  INFO 11840 --- [item-service] [restartedMain] .s.d.r.c.RepositoryConfigurationDelegate : Finished Spring Data repository scanning in 8 ms. Found 1 JPA repository interface.
2023-12-17T15:30:11.730+09:00  INFO 11840 --- [item-service] [restartedMain] o.s.cloud.context.scope.GenericScope     : BeanFactory id=87655ba4-a19e-38ea-a158-1622ca79c49b
2023-12-17T15:30:11.816+09:00  INFO 11840 --- [item-service] [restartedMain] o.s.b.w.embedded.tomcat.TomcatWebServer  : Tomcat initialized with port 8081 (http)
2023-12-17T15:30:11.817+09:00  INFO 11840 --- [item-service] [restartedMain] o.apache.catalina.core.StandardService   : Starting service [Tomcat]
2023-12-17T15:30:11.817+09:00  INFO 11840 --- [item-service] [restartedMain] o.apache.catalina.core.StandardEngine    : Starting Servlet engine: [Apache Tomcat/10.1.16]
2023-12-17T15:30:11.829+09:00  INFO 11840 --- [item-service] [restartedMain] o.a.c.c.C.[Tomcat].[localhost].[/]       : Initializing Spring embedded WebApplicationContext
2023-12-17T15:30:11.830+09:00  INFO 11840 --- [item-service] [restartedMain] w.s.c.ServletWebServerApplicationContext : Root WebApplicationContext: initialization completed in 392 ms
2023-12-17T15:30:11.860+09:00  INFO 11840 --- [item-service] [restartedMain] o.hibernate.jpa.internal.util.LogHelper  : HHH000204: Processing PersistenceUnitInfo [name: default]
2023-12-17T15:30:11.862+09:00  INFO 11840 --- [item-service] [restartedMain] o.h.c.internal.RegionFactoryInitiator    : HHH000026: Second-level cache disabled
2023-12-17T15:30:11.865+09:00  INFO 11840 --- [item-service] [restartedMain] o.s.o.j.p.SpringPersistenceUnitInfo      : No LoadTimeWeaver setup: ignoring JPA class transformer
2023-12-17T15:30:11.866+09:00  INFO 11840 --- [item-service] [restartedMain] com.zaxxer.hikari.HikariDataSource       : HikariPool-2 - Starting...
2023-12-17T15:30:11.873+09:00  INFO 11840 --- [item-service] [restartedMain] com.zaxxer.hikari.pool.HikariPool        : HikariPool-2 - Added connection com.mysql.cj.jdbc.ConnectionImpl@989a82f
2023-12-17T15:30:11.873+09:00  INFO 11840 --- [item-service] [restartedMain] com.zaxxer.hikari.HikariDataSource       : HikariPool-2 - Start completed.
2023-12-17T15:30:11.874+09:00  WARN 11840 --- [item-service] [restartedMain] org.hibernate.orm.deprecation            : HHH90000025: MySQL8Dialect does not need to be specified explicitly using 'hibernate.dialect' (remove the property setting and it will be selected by default)
2023-12-17T15:30:11.874+09:00  WARN 11840 --- [item-service] [restartedMain] org.hibernate.orm.deprecation            : HHH90000026: MySQL8Dialect has been deprecated; use org.hibernate.dialect.MySQLDialect instead
2023-12-17T15:30:11.899+09:00  INFO 11840 --- [item-service] [restartedMain] o.h.e.t.j.p.i.JtaPlatformInitiator       : HHH000489: No JTA platform available (set 'hibernate.transaction.jta.platform' to enable JTA platform integration)
2023-12-17T15:30:11.934+09:00  INFO 11840 --- [item-service] [restartedMain] j.LocalContainerEntityManagerFactoryBean : Initialized JPA EntityManagerFactory for persistence unit 'default'
2023-12-17T15:30:12.048+09:00  WARN 11840 --- [item-service] [restartedMain] JpaBaseConfiguration$JpaWebConfiguration : spring.jpa.open-in-view is enabled by default. Therefore, database queries may be performed during view rendering. Explicitly configure spring.jpa.open-in-view to disable this warning
2023-12-17T15:30:12.357+09:00  INFO 11840 --- [item-service] [restartedMain] o.s.b.d.a.OptionalLiveReloadServer       : LiveReload server is running on port 35729
2023-12-17T15:30:12.394+09:00  INFO 11840 --- [item-service] [restartedMain] o.s.b.w.embedded.tomcat.TomcatWebServer  : Tomcat started on port 8081 (http) with context path ''
2023-12-17T15:30:12.401+09:00  INFO 11840 --- [item-service] [restartedMain] org.msa.item.ItemApplication             : Started ItemApplication in 1.141 seconds (process running for 534.087)
2023-12-17T15:30:12.403+09:00  INFO 11840 --- [item-service] [restartedMain] .ConditionEvaluationDeltaLoggingListener : Condition evaluation unchanged
2023-12-17T15:31:11.203+09:00  INFO 11840 --- [item-service] [File Watcher] rtingClassPathChangeChangedEventListener : Restarting due to 1 class path change (0 additions, 0 deletions, 1 modification)
2023-12-17T15:31:11.209+09:00  INFO 11840 --- [item-service] [Thread-10] j.LocalContainerEntityManagerFactoryBean : Closing JPA EntityManagerFactory for persistence unit 'default'
2023-12-17T15:31:11.210+09:00  INFO 11840 --- [item-service] [Thread-10] com.zaxxer.hikari.HikariDataSource       : HikariPool-2 - Shutdown initiated...
2023-12-17T15:31:11.213+09:00  INFO 11840 --- [item-service] [Thread-10] com.zaxxer.hikari.HikariDataSource       : HikariPool-2 - Shutdown completed.
2023-12-17T15:31:11.215+09:00  INFO 11840 --- [item-service] [Thread-10] o.apache.catalina.core.StandardService   : Stopping service [Tomcat]
2023-12-17T15:31:11.503+09:00  INFO 11840 --- [item-service] [restartedMain] org.msa.item.ItemApplication             : The following 1 profile is active: "local"
2023-12-17T15:31:11.750+09:00  INFO 11840 --- [item-service] [restartedMain] .s.d.r.c.RepositoryConfigurationDelegate : Bootstrapping Spring Data JPA repositories in DEFAULT mode.
2023-12-17T15:31:11.761+09:00  INFO 11840 --- [item-service] [restartedMain] .s.d.r.c.RepositoryConfigurationDelegate : Finished Spring Data repository scanning in 10 ms. Found 1 JPA repository interface.
2023-12-17T15:31:11.808+09:00  INFO 11840 --- [item-service] [restartedMain] o.s.cloud.context.scope.GenericScope     : BeanFactory id=87655ba4-a19e-38ea-a158-1622ca79c49b
2023-12-17T15:31:11.875+09:00  INFO 11840 --- [item-service] [restartedMain] o.s.b.w.embedded.tomcat.TomcatWebServer  : Tomcat initialized with port 8081 (http)
2023-12-17T15:31:11.876+09:00  INFO 11840 --- [item-service] [restartedMain] o.apache.catalina.core.StandardService   : Starting service [Tomcat]
2023-12-17T15:31:11.876+09:00  INFO 11840 --- [item-service] [restartedMain] o.apache.catalina.core.StandardEngine    : Starting Servlet engine: [Apache Tomcat/10.1.16]
2023-12-17T15:31:11.889+09:00  INFO 11840 --- [item-service] [restartedMain] o.a.c.c.C.[Tomcat].[localhost].[/]       : Initializing Spring embedded WebApplicationContext
2023-12-17T15:31:11.889+09:00  INFO 11840 --- [item-service] [restartedMain] w.s.c.ServletWebServerApplicationContext : Root WebApplicationContext: initialization completed in 383 ms
2023-12-17T15:31:11.922+09:00  INFO 11840 --- [item-service] [restartedMain] o.hibernate.jpa.internal.util.LogHelper  : HHH000204: Processing PersistenceUnitInfo [name: default]
2023-12-17T15:31:11.924+09:00  INFO 11840 --- [item-service] [restartedMain] o.h.c.internal.RegionFactoryInitiator    : HHH000026: Second-level cache disabled
2023-12-17T15:31:11.926+09:00  INFO 11840 --- [item-service] [restartedMain] o.s.o.j.p.SpringPersistenceUnitInfo      : No LoadTimeWeaver setup: ignoring JPA class transformer
2023-12-17T15:31:11.927+09:00  INFO 11840 --- [item-service] [restartedMain] com.zaxxer.hikari.HikariDataSource       : HikariPool-3 - Starting...
2023-12-17T15:31:11.933+09:00  INFO 11840 --- [item-service] [restartedMain] com.zaxxer.hikari.pool.HikariPool        : HikariPool-3 - Added connection com.mysql.cj.jdbc.ConnectionImpl@2324de63
2023-12-17T15:31:11.933+09:00  INFO 11840 --- [item-service] [restartedMain] com.zaxxer.hikari.HikariDataSource       : HikariPool-3 - Start completed.
2023-12-17T15:31:11.933+09:00  WARN 11840 --- [item-service] [restartedMain] org.hibernate.orm.deprecation            : HHH90000025: MySQL8Dialect does not need to be specified explicitly using 'hibernate.dialect' (remove the property setting and it will be selected by default)
2023-12-17T15:31:11.934+09:00  WARN 11840 --- [item-service] [restartedMain] org.hibernate.orm.deprecation            : HHH90000026: MySQL8Dialect has been deprecated; use org.hibernate.dialect.MySQLDialect instead
2023-12-17T15:31:11.954+09:00  INFO 11840 --- [item-service] [restartedMain] o.h.e.t.j.p.i.JtaPlatformInitiator       : HHH000489: No JTA platform available (set 'hibernate.transaction.jta.platform' to enable JTA platform integration)
2023-12-17T15:31:11.986+09:00  INFO 11840 --- [item-service] [restartedMain] j.LocalContainerEntityManagerFactoryBean : Initialized JPA EntityManagerFactory for persistence unit 'default'
2023-12-17T15:31:12.067+09:00  WARN 11840 --- [item-service] [restartedMain] JpaBaseConfiguration$JpaWebConfiguration : spring.jpa.open-in-view is enabled by default. Therefore, database queries may be performed during view rendering. Explicitly configure spring.jpa.open-in-view to disable this warning
2023-12-17T15:31:12.366+09:00  INFO 11840 --- [item-service] [restartedMain] o.s.b.d.a.OptionalLiveReloadServer       : LiveReload server is running on port 35729
2023-12-17T15:31:12.395+09:00  INFO 11840 --- [item-service] [restartedMain] o.s.b.w.embedded.tomcat.TomcatWebServer  : Tomcat started on port 8081 (http) with context path ''
2023-12-17T15:31:12.402+09:00  INFO 11840 --- [item-service] [restartedMain] org.msa.item.ItemApplication             : Started ItemApplication in 1.104 seconds (process running for 594.087)
2023-12-17T15:31:12.403+09:00  INFO 11840 --- [item-service] [restartedMain] .ConditionEvaluationDeltaLoggingListener : Condition evaluation unchanged
2023-12-17T15:31:34.285+09:00  INFO 11840 --- [item-service] [SpringApplicationShutdownHook] j.LocalContainerEntityManagerFactoryBean : Closing JPA EntityManagerFactory for persistence unit 'default'
2023-12-17T15:31:34.286+09:00  INFO 11840 --- [item-service] [SpringApplicationShutdownHook] com.zaxxer.hikari.HikariDataSource       : HikariPool-3 - Shutdown initiated...
2023-12-17T15:31:34.287+09:00  INFO 11840 --- [item-service] [SpringApplicationShutdownHook] com.zaxxer.hikari.HikariDataSource       : HikariPool-3 - Shutdown completed.
2023-12-17T15:31:37.407+09:00  INFO 12587 --- [item-service] [restartedMain] org.msa.item.ItemApplication             : The following 1 profile is active: "local"
2023-12-17T15:31:38.024+09:00  INFO 12587 --- [item-service] [restartedMain] .s.d.r.c.RepositoryConfigurationDelegate : Bootstrapping Spring Data JPA repositories in DEFAULT mode.
2023-12-17T15:31:38.069+09:00  INFO 12587 --- [item-service] [restartedMain] .s.d.r.c.RepositoryConfigurationDelegate : Finished Spring Data repository scanning in 37 ms. Found 1 JPA repository interface.
2023-12-17T15:31:38.222+09:00  INFO 12587 --- [item-service] [restartedMain] o.s.cloud.context.scope.GenericScope     : BeanFactory id=87655ba4-a19e-38ea-a158-1622ca79c49b
2023-12-17T15:31:38.638+09:00  INFO 12587 --- [item-service] [restartedMain] o.s.b.w.embedded.tomcat.TomcatWebServer  : Tomcat initialized with port 8081 (http)
2023-12-17T15:31:38.647+09:00  INFO 12587 --- [item-service] [restartedMain] o.apache.catalina.core.StandardService   : Starting service [Tomcat]
2023-12-17T15:31:38.647+09:00  INFO 12587 --- [item-service] [restartedMain] o.apache.catalina.core.StandardEngine    : Starting Servlet engine: [Apache Tomcat/10.1.16]
2023-12-17T15:31:38.698+09:00  INFO 12587 --- [item-service] [restartedMain] o.a.c.c.C.[Tomcat].[localhost].[/]       : Initializing Spring embedded WebApplicationContext
2023-12-17T15:31:38.698+09:00  INFO 12587 --- [item-service] [restartedMain] w.s.c.ServletWebServerApplicationContext : Root WebApplicationContext: initialization completed in 1278 ms
2023-12-17T15:31:38.829+09:00  INFO 12587 --- [item-service] [restartedMain] o.hibernate.jpa.internal.util.LogHelper  : HHH000204: Processing PersistenceUnitInfo [name: default]
2023-12-17T15:31:38.878+09:00  INFO 12587 --- [item-service] [restartedMain] org.hibernate.Version                    : HHH000412: Hibernate ORM core version 6.3.1.Final
2023-12-17T15:31:38.916+09:00  INFO 12587 --- [item-service] [restartedMain] o.h.c.internal.RegionFactoryInitiator    : HHH000026: Second-level cache disabled
2023-12-17T15:31:39.123+09:00  INFO 12587 --- [item-service] [restartedMain] o.s.o.j.p.SpringPersistenceUnitInfo      : No LoadTimeWeaver setup: ignoring JPA class transformer
2023-12-17T15:31:39.145+09:00  INFO 12587 --- [item-service] [restartedMain] com.zaxxer.hikari.HikariDataSource       : HikariPool-1 - Starting...
2023-12-17T15:31:39.263+09:00  INFO 12587 --- [item-service] [restartedMain] com.zaxxer.hikari.pool.HikariPool        : HikariPool-1 - Added connection com.mysql.cj.jdbc.ConnectionImpl@4dcd95c3
2023-12-17T15:31:39.264+09:00  INFO 12587 --- [item-service] [restartedMain] com.zaxxer.hikari.HikariDataSource       : HikariPool-1 - Start completed.
2023-12-17T15:31:39.304+09:00  WARN 12587 --- [item-service] [restartedMain] org.hibernate.orm.deprecation            : HHH90000025: MySQL8Dialect does not need to be specified explicitly using 'hibernate.dialect' (remove the property setting and it will be selected by default)
2023-12-17T15:31:39.304+09:00  WARN 12587 --- [item-service] [restartedMain] org.hibernate.orm.deprecation            : HHH90000026: MySQL8Dialect has been deprecated; use org.hibernate.dialect.MySQLDialect instead
2023-12-17T15:31:40.065+09:00  INFO 12587 --- [item-service] [restartedMain] o.h.e.t.j.p.i.JtaPlatformInitiator       : HHH000489: No JTA platform available (set 'hibernate.transaction.jta.platform' to enable JTA platform integration)
2023-12-17T15:31:40.119+09:00  INFO 12587 --- [item-service] [restartedMain] j.LocalContainerEntityManagerFactoryBean : Initialized JPA EntityManagerFactory for persistence unit 'default'
2023-12-17T15:31:40.437+09:00  WARN 12587 --- [item-service] [restartedMain] JpaBaseConfiguration$JpaWebConfiguration : spring.jpa.open-in-view is enabled by default. Therefore, database queries may be performed during view rendering. Explicitly configure spring.jpa.open-in-view to disable this warning
2023-12-17T15:31:41.154+09:00  INFO 12587 --- [item-service] [restartedMain] o.s.b.d.a.OptionalLiveReloadServer       : LiveReload server is running on port 35729
2023-12-17T15:31:41.231+09:00  INFO 12587 --- [item-service] [restartedMain] o.s.b.w.embedded.tomcat.TomcatWebServer  : Tomcat started on port 8081 (http) with context path ''
2023-12-17T15:31:41.244+09:00  INFO 12587 --- [item-service] [restartedMain] org.msa.item.ItemApplication             : Started ItemApplication in 4.871 seconds (process running for 5.504)
2023-12-17T15:31:48.068+09:00  INFO 12587 --- [item-service] [http-nio-8081-exec-1] o.a.c.c.C.[Tomcat].[localhost].[/]       : Initializing Spring DispatcherServlet 'dispatcherServlet'
2023-12-17T15:31:48.069+09:00  INFO 12587 --- [item-service] [http-nio-8081-exec-1] o.s.web.servlet.DispatcherServlet        : Initializing Servlet 'dispatcherServlet'
2023-12-17T15:31:48.070+09:00  INFO 12587 --- [item-service] [http-nio-8081-exec-1] o.s.web.servlet.DispatcherServlet        : Completed initialization in 1 ms
2023-12-17T15:37:15.145+09:00  INFO 12587 --- [item-service] [File Watcher] rtingClassPathChangeChangedEventListener : Restarting due to 1 class path change (0 additions, 0 deletions, 1 modification)
2023-12-17T15:37:15.159+09:00  INFO 12587 --- [item-service] [Thread-7] j.LocalContainerEntityManagerFactoryBean : Closing JPA EntityManagerFactory for persistence unit 'default'
2023-12-17T15:37:15.162+09:00  INFO 12587 --- [item-service] [Thread-7] com.zaxxer.hikari.HikariDataSource       : HikariPool-1 - Shutdown initiated...
2023-12-17T15:37:15.170+09:00  INFO 12587 --- [item-service] [Thread-7] com.zaxxer.hikari.HikariDataSource       : HikariPool-1 - Shutdown completed.
2023-12-17T15:37:15.171+09:00  INFO 12587 --- [item-service] [Thread-7] o.apache.catalina.core.StandardService   : Stopping service [Tomcat]
2023-12-17T15:37:15.172+09:00  INFO 12587 --- [item-service] [Thread-7] o.a.c.c.C.[Tomcat].[localhost].[/]       : Destroying Spring FrameworkServlet 'dispatcherServlet'
2023-12-17T15:37:15.455+09:00  INFO 12587 --- [item-service] [restartedMain] org.msa.item.ItemApplication             : The following 1 profile is active: "local"
2023-12-17T15:37:15.700+09:00  INFO 12587 --- [item-service] [restartedMain] .s.d.r.c.RepositoryConfigurationDelegate : Bootstrapping Spring Data JPA repositories in DEFAULT mode.
2023-12-17T15:37:15.708+09:00  INFO 12587 --- [item-service] [restartedMain] .s.d.r.c.RepositoryConfigurationDelegate : Finished Spring Data repository scanning in 7 ms. Found 1 JPA repository interface.
2023-12-17T15:37:15.752+09:00  INFO 12587 --- [item-service] [restartedMain] o.s.cloud.context.scope.GenericScope     : BeanFactory id=87655ba4-a19e-38ea-a158-1622ca79c49b
2023-12-17T15:37:15.813+09:00  INFO 12587 --- [item-service] [restartedMain] o.s.b.w.embedded.tomcat.TomcatWebServer  : Tomcat initialized with port 8081 (http)
2023-12-17T15:37:15.813+09:00  INFO 12587 --- [item-service] [restartedMain] o.apache.catalina.core.StandardService   : Starting service [Tomcat]
2023-12-17T15:37:15.813+09:00  INFO 12587 --- [item-service] [restartedMain] o.apache.catalina.core.StandardEngine    : Starting Servlet engine: [Apache Tomcat/10.1.16]
2023-12-17T15:37:15.825+09:00  INFO 12587 --- [item-service] [restartedMain] o.a.c.c.C.[Tomcat].[localhost].[/]       : Initializing Spring embedded WebApplicationContext
2023-12-17T15:37:15.825+09:00  INFO 12587 --- [item-service] [restartedMain] w.s.c.ServletWebServerApplicationContext : Root WebApplicationContext: initialization completed in 368 ms
2023-12-17T15:37:15.859+09:00  INFO 12587 --- [item-service] [restartedMain] o.hibernate.jpa.internal.util.LogHelper  : HHH000204: Processing PersistenceUnitInfo [name: default]
2023-12-17T15:37:15.862+09:00  INFO 12587 --- [item-service] [restartedMain] o.h.c.internal.RegionFactoryInitiator    : HHH000026: Second-level cache disabled
2023-12-17T15:37:15.865+09:00  INFO 12587 --- [item-service] [restartedMain] o.s.o.j.p.SpringPersistenceUnitInfo      : No LoadTimeWeaver setup: ignoring JPA class transformer
2023-12-17T15:37:15.866+09:00  INFO 12587 --- [item-service] [restartedMain] com.zaxxer.hikari.HikariDataSource       : HikariPool-2 - Starting...
2023-12-17T15:37:15.872+09:00  INFO 12587 --- [item-service] [restartedMain] com.zaxxer.hikari.pool.HikariPool        : HikariPool-2 - Added connection com.mysql.cj.jdbc.ConnectionImpl@6ce837b7
2023-12-17T15:37:15.872+09:00  INFO 12587 --- [item-service] [restartedMain] com.zaxxer.hikari.HikariDataSource       : HikariPool-2 - Start completed.
2023-12-17T15:37:15.873+09:00  WARN 12587 --- [item-service] [restartedMain] org.hibernate.orm.deprecation            : HHH90000025: MySQL8Dialect does not need to be specified explicitly using 'hibernate.dialect' (remove the property setting and it will be selected by default)
2023-12-17T15:37:15.873+09:00  WARN 12587 --- [item-service] [restartedMain] org.hibernate.orm.deprecation            : HHH90000026: MySQL8Dialect has been deprecated; use org.hibernate.dialect.MySQLDialect instead
2023-12-17T15:37:15.896+09:00  INFO 12587 --- [item-service] [restartedMain] o.h.e.t.j.p.i.JtaPlatformInitiator       : HHH000489: No JTA platform available (set 'hibernate.transaction.jta.platform' to enable JTA platform integration)
2023-12-17T15:37:15.927+09:00  INFO 12587 --- [item-service] [restartedMain] j.LocalContainerEntityManagerFactoryBean : Initialized JPA EntityManagerFactory for persistence unit 'default'
2023-12-17T15:37:16.009+09:00  WARN 12587 --- [item-service] [restartedMain] JpaBaseConfiguration$JpaWebConfiguration : spring.jpa.open-in-view is enabled by default. Therefore, database queries may be performed during view rendering. Explicitly configure spring.jpa.open-in-view to disable this warning
2023-12-17T15:37:16.325+09:00  INFO 12587 --- [item-service] [restartedMain] o.s.b.d.a.OptionalLiveReloadServer       : LiveReload server is running on port 35729
2023-12-17T15:37:16.359+09:00  INFO 12587 --- [item-service] [restartedMain] o.s.b.w.embedded.tomcat.TomcatWebServer  : Tomcat started on port 8081 (http) with context path ''
2023-12-17T15:37:16.365+09:00  INFO 12587 --- [item-service] [restartedMain] org.msa.item.ItemApplication             : Started ItemApplication in 1.098 seconds (process running for 340.62)
2023-12-17T15:37:16.367+09:00  INFO 12587 --- [item-service] [restartedMain] .ConditionEvaluationDeltaLoggingListener : Condition evaluation unchanged
2023-12-17T15:37:49.969+09:00  INFO 12587 --- [item-service] [File Watcher] rtingClassPathChangeChangedEventListener : Restarting due to 1 class path change (0 additions, 0 deletions, 1 modification)
2023-12-17T15:37:49.974+09:00  INFO 12587 --- [item-service] [Thread-10] j.LocalContainerEntityManagerFactoryBean : Closing JPA EntityManagerFactory for persistence unit 'default'
2023-12-17T15:37:49.974+09:00  INFO 12587 --- [item-service] [Thread-10] com.zaxxer.hikari.HikariDataSource       : HikariPool-2 - Shutdown initiated...
2023-12-17T15:37:49.978+09:00  INFO 12587 --- [item-service] [Thread-10] com.zaxxer.hikari.HikariDataSource       : HikariPool-2 - Shutdown completed.
2023-12-17T15:37:49.979+09:00  INFO 12587 --- [item-service] [Thread-10] o.apache.catalina.core.StandardService   : Stopping service [Tomcat]
2023-12-17T15:37:50.152+09:00  INFO 12587 --- [item-service] [restartedMain] org.msa.item.ItemApplication             : The following 1 profile is active: "local"
2023-12-17T15:37:50.366+09:00  INFO 12587 --- [item-service] [restartedMain] .s.d.r.c.RepositoryConfigurationDelegate : Bootstrapping Spring Data JPA repositories in DEFAULT mode.
2023-12-17T15:37:50.371+09:00  INFO 12587 --- [item-service] [restartedMain] .s.d.r.c.RepositoryConfigurationDelegate : Finished Spring Data repository scanning in 5 ms. Found 1 JPA repository interface.
2023-12-17T15:37:50.419+09:00  INFO 12587 --- [item-service] [restartedMain] o.s.cloud.context.scope.GenericScope     : BeanFactory id=87655ba4-a19e-38ea-a158-1622ca79c49b
2023-12-17T15:37:50.487+09:00  INFO 12587 --- [item-service] [restartedMain] o.s.b.w.embedded.tomcat.TomcatWebServer  : Tomcat initialized with port 8081 (http)
2023-12-17T15:37:50.488+09:00  INFO 12587 --- [item-service] [restartedMain] o.apache.catalina.core.StandardService   : Starting service [Tomcat]
2023-12-17T15:37:50.488+09:00  INFO 12587 --- [item-service] [restartedMain] o.apache.catalina.core.StandardEngine    : Starting Servlet engine: [Apache Tomcat/10.1.16]
2023-12-17T15:37:50.500+09:00  INFO 12587 --- [item-service] [restartedMain] o.a.c.c.C.[Tomcat].[localhost].[/]       : Initializing Spring embedded WebApplicationContext
2023-12-17T15:37:50.500+09:00  INFO 12587 --- [item-service] [restartedMain] w.s.c.ServletWebServerApplicationContext : Root WebApplicationContext: initialization completed in 328 ms
2023-12-17T15:37:50.534+09:00  INFO 12587 --- [item-service] [restartedMain] o.hibernate.jpa.internal.util.LogHelper  : HHH000204: Processing PersistenceUnitInfo [name: default]
2023-12-17T15:37:50.537+09:00  INFO 12587 --- [item-service] [restartedMain] o.h.c.internal.RegionFactoryInitiator    : HHH000026: Second-level cache disabled
2023-12-17T15:37:50.539+09:00  INFO 12587 --- [item-service] [restartedMain] o.s.o.j.p.SpringPersistenceUnitInfo      : No LoadTimeWeaver setup: ignoring JPA class transformer
2023-12-17T15:37:50.540+09:00  INFO 12587 --- [item-service] [restartedMain] com.zaxxer.hikari.HikariDataSource       : HikariPool-3 - Starting...
2023-12-17T15:37:50.547+09:00  INFO 12587 --- [item-service] [restartedMain] com.zaxxer.hikari.pool.HikariPool        : HikariPool-3 - Added connection com.mysql.cj.jdbc.ConnectionImpl@5d06d265
2023-12-17T15:37:50.547+09:00  INFO 12587 --- [item-service] [restartedMain] com.zaxxer.hikari.HikariDataSource       : HikariPool-3 - Start completed.
2023-12-17T15:37:50.548+09:00  WARN 12587 --- [item-service] [restartedMain] org.hibernate.orm.deprecation            : HHH90000025: MySQL8Dialect does not need to be specified explicitly using 'hibernate.dialect' (remove the property setting and it will be selected by default)
2023-12-17T15:37:50.548+09:00  WARN 12587 --- [item-service] [restartedMain] org.hibernate.orm.deprecation            : HHH90000026: MySQL8Dialect has been deprecated; use org.hibernate.dialect.MySQLDialect instead
2023-12-17T15:37:50.569+09:00  INFO 12587 --- [item-service] [restartedMain] o.h.e.t.j.p.i.JtaPlatformInitiator       : HHH000489: No JTA platform available (set 'hibernate.transaction.jta.platform' to enable JTA platform integration)
2023-12-17T15:37:50.616+09:00  INFO 12587 --- [item-service] [restartedMain] j.LocalContainerEntityManagerFactoryBean : Initialized JPA EntityManagerFactory for persistence unit 'default'
2023-12-17T15:37:50.760+09:00  WARN 12587 --- [item-service] [restartedMain] JpaBaseConfiguration$JpaWebConfiguration : spring.jpa.open-in-view is enabled by default. Therefore, database queries may be performed during view rendering. Explicitly configure spring.jpa.open-in-view to disable this warning
2023-12-17T15:37:51.059+09:00  INFO 12587 --- [item-service] [restartedMain] o.s.b.d.a.OptionalLiveReloadServer       : LiveReload server is running on port 35729
2023-12-17T15:37:51.093+09:00  INFO 12587 --- [item-service] [restartedMain] o.s.b.w.embedded.tomcat.TomcatWebServer  : Tomcat started on port 8081 (http) with context path ''
2023-12-17T15:37:51.102+09:00  INFO 12587 --- [item-service] [restartedMain] org.msa.item.ItemApplication             : Started ItemApplication in 1.064 seconds (process running for 375.356)
2023-12-17T15:37:51.104+09:00  INFO 12587 --- [item-service] [restartedMain] .ConditionEvaluationDeltaLoggingListener : Condition evaluation unchanged
2023-12-17T15:38:05.951+09:00  INFO 12587 --- [item-service] [SpringApplicationShutdownHook] j.LocalContainerEntityManagerFactoryBean : Closing JPA EntityManagerFactory for persistence unit 'default'
2023-12-17T15:38:05.952+09:00  INFO 12587 --- [item-service] [SpringApplicationShutdownHook] com.zaxxer.hikari.HikariDataSource       : HikariPool-3 - Shutdown initiated...
2023-12-17T15:38:05.954+09:00  INFO 12587 --- [item-service] [SpringApplicationShutdownHook] com.zaxxer.hikari.HikariDataSource       : HikariPool-3 - Shutdown completed.
2023-12-17T15:38:08.721+09:00  INFO 13019 --- [item-service] [restartedMain] org.msa.item.ItemApplication             : The following 1 profile is active: "local"
2023-12-17T15:38:09.555+09:00  INFO 13019 --- [item-service] [restartedMain] .s.d.r.c.RepositoryConfigurationDelegate : Bootstrapping Spring Data JPA repositories in DEFAULT mode.
2023-12-17T15:38:09.591+09:00  INFO 13019 --- [item-service] [restartedMain] .s.d.r.c.RepositoryConfigurationDelegate : Finished Spring Data repository scanning in 29 ms. Found 1 JPA repository interface.
2023-12-17T15:38:09.748+09:00  INFO 13019 --- [item-service] [restartedMain] o.s.cloud.context.scope.GenericScope     : BeanFactory id=78d7abd8-f241-3744-8707-25a81318e79f
2023-12-17T15:38:10.474+09:00  INFO 13019 --- [item-service] [restartedMain] o.s.b.w.embedded.tomcat.TomcatWebServer  : Tomcat initialized with port 8081 (http)
2023-12-17T15:38:10.484+09:00  INFO 13019 --- [item-service] [restartedMain] o.apache.catalina.core.StandardService   : Starting service [Tomcat]
2023-12-17T15:38:10.484+09:00  INFO 13019 --- [item-service] [restartedMain] o.apache.catalina.core.StandardEngine    : Starting Servlet engine: [Apache Tomcat/10.1.16]
2023-12-17T15:38:10.528+09:00  INFO 13019 --- [item-service] [restartedMain] o.a.c.c.C.[Tomcat].[localhost].[/]       : Initializing Spring embedded WebApplicationContext
2023-12-17T15:38:10.528+09:00  INFO 13019 --- [item-service] [restartedMain] w.s.c.ServletWebServerApplicationContext : Root WebApplicationContext: initialization completed in 1794 ms
2023-12-17T15:38:10.855+09:00  INFO 13019 --- [item-service] [restartedMain] o.hibernate.jpa.internal.util.LogHelper  : HHH000204: Processing PersistenceUnitInfo [name: default]
2023-12-17T15:38:10.901+09:00  INFO 13019 --- [item-service] [restartedMain] org.hibernate.Version                    : HHH000412: Hibernate ORM core version 6.3.1.Final
2023-12-17T15:38:10.932+09:00  INFO 13019 --- [item-service] [restartedMain] o.h.c.internal.RegionFactoryInitiator    : HHH000026: Second-level cache disabled
2023-12-17T15:38:11.138+09:00  INFO 13019 --- [item-service] [restartedMain] o.s.o.j.p.SpringPersistenceUnitInfo      : No LoadTimeWeaver setup: ignoring JPA class transformer
2023-12-17T15:38:11.161+09:00  INFO 13019 --- [item-service] [restartedMain] com.zaxxer.hikari.HikariDataSource       : HikariPool-1 - Starting...
2023-12-17T15:38:11.285+09:00  INFO 13019 --- [item-service] [restartedMain] com.zaxxer.hikari.pool.HikariPool        : HikariPool-1 - Added connection com.mysql.cj.jdbc.ConnectionImpl@28dc236c
2023-12-17T15:38:11.287+09:00  INFO 13019 --- [item-service] [restartedMain] com.zaxxer.hikari.HikariDataSource       : HikariPool-1 - Start completed.
2023-12-17T15:38:11.332+09:00  WARN 13019 --- [item-service] [restartedMain] org.hibernate.orm.deprecation            : HHH90000025: MySQL8Dialect does not need to be specified explicitly using 'hibernate.dialect' (remove the property setting and it will be selected by default)
2023-12-17T15:38:11.333+09:00  WARN 13019 --- [item-service] [restartedMain] org.hibernate.orm.deprecation            : HHH90000026: MySQL8Dialect has been deprecated; use org.hibernate.dialect.MySQLDialect instead
2023-12-17T15:38:12.069+09:00  INFO 13019 --- [item-service] [restartedMain] o.h.e.t.j.p.i.JtaPlatformInitiator       : HHH000489: No JTA platform available (set 'hibernate.transaction.jta.platform' to enable JTA platform integration)
2023-12-17T15:38:12.150+09:00  INFO 13019 --- [item-service] [restartedMain] j.LocalContainerEntityManagerFactoryBean : Initialized JPA EntityManagerFactory for persistence unit 'default'
2023-12-17T15:38:12.634+09:00  WARN 13019 --- [item-service] [restartedMain] JpaBaseConfiguration$JpaWebConfiguration : spring.jpa.open-in-view is enabled by default. Therefore, database queries may be performed during view rendering. Explicitly configure spring.jpa.open-in-view to disable this warning
2023-12-17T15:38:14.004+09:00  INFO 13019 --- [item-service] [restartedMain] o.s.b.d.a.OptionalLiveReloadServer       : LiveReload server is running on port 35729
2023-12-17T15:38:14.049+09:00  INFO 13019 --- [item-service] [restartedMain] o.s.b.a.e.web.EndpointLinksResolver      : Exposing 3 endpoint(s) beneath base path '/actuator'
2023-12-17T15:38:14.148+09:00  INFO 13019 --- [item-service] [restartedMain] o.s.b.w.embedded.tomcat.TomcatWebServer  : Tomcat started on port 8081 (http) with context path ''
2023-12-17T15:38:14.168+09:00  INFO 13019 --- [item-service] [restartedMain] org.msa.item.ItemApplication             : Started ItemApplication in 6.465 seconds (process running for 7.075)
2023-12-17T15:38:14.491+09:00  INFO 13019 --- [item-service] [RMI TCP Connection(2)-192.168.4.143] o.a.c.c.C.[Tomcat].[localhost].[/]       : Initializing Spring DispatcherServlet 'dispatcherServlet'
2023-12-17T15:38:14.492+09:00  INFO 13019 --- [item-service] [RMI TCP Connection(2)-192.168.4.143] o.s.web.servlet.DispatcherServlet        : Initializing Servlet 'dispatcherServlet'
2023-12-17T15:38:14.494+09:00  INFO 13019 --- [item-service] [RMI TCP Connection(2)-192.168.4.143] o.s.web.servlet.DispatcherServlet        : Completed initialization in 1 ms
2023-12-17T15:40:21.476+09:00  INFO 13019 --- [item-service] [http-nio-8081-exec-1] .e.DevToolsPropertyDefaultsPostProcessor : Devtools property defaults active! Set 'spring.devtools.add-properties' to 'false' to disable
2023-12-17T15:40:21.531+09:00  INFO 13019 --- [item-service] [http-nio-8081-exec-1] c.c.c.ConfigServicePropertySourceLocator : Fetching config from server at : http://localhost:8080
2023-12-17T15:40:21.564+09:00  INFO 13019 --- [item-service] [http-nio-8081-exec-1] c.c.c.ConfigServicePropertySourceLocator : Located environment: name=item-service, profiles=[local], label=null, version=null, state=null
2023-12-17T15:40:21.565+09:00  INFO 13019 --- [item-service] [http-nio-8081-exec-1] b.c.PropertySourceBootstrapConfiguration : Located property source: [BootstrapPropertySource {name='bootstrapProperties-configClient'}, BootstrapPropertySource {name='bootstrapProperties-classpath:/config/item-service-local.yml'}, BootstrapPropertySource {name='bootstrapProperties-classpath:/config/item-service.yml'}]
2023-12-17T15:40:21.576+09:00  INFO 13019 --- [item-service] [http-nio-8081-exec-1] o.s.boot.SpringApplication               : The following 1 profile is active: "local"
2023-12-17T15:40:21.582+09:00  INFO 13019 --- [item-service] [http-nio-8081-exec-1] o.s.boot.SpringApplication               : Started application in 0.171 seconds (process running for 134.488)
2023-12-17T15:41:54.277+09:00  INFO 13019 --- [item-service] [http-nio-8081-exec-6] .e.DevToolsPropertyDefaultsPostProcessor : Devtools property defaults active! Set 'spring.devtools.add-properties' to 'false' to disable
2023-12-17T15:41:54.327+09:00  INFO 13019 --- [item-service] [http-nio-8081-exec-6] c.c.c.ConfigServicePropertySourceLocator : Fetching config from server at : http://localhost:8080
2023-12-17T15:41:54.360+09:00  INFO 13019 --- [item-service] [http-nio-8081-exec-6] c.c.c.ConfigServicePropertySourceLocator : Located environment: name=item-service, profiles=[local], label=null, version=null, state=null
2023-12-17T15:41:54.360+09:00  INFO 13019 --- [item-service] [http-nio-8081-exec-6] b.c.PropertySourceBootstrapConfiguration : Located property source: [BootstrapPropertySource {name='bootstrapProperties-configClient'}, BootstrapPropertySource {name='bootstrapProperties-classpath:/config/item-service-local.yml'}, BootstrapPropertySource {name='bootstrapProperties-classpath:/config/item-service.yml'}]
2023-12-17T15:41:54.372+09:00  INFO 13019 --- [item-service] [http-nio-8081-exec-6] o.s.boot.SpringApplication               : The following 1 profile is active: "local"
2023-12-17T15:41:54.379+09:00  INFO 13019 --- [item-service] [http-nio-8081-exec-6] o.s.boot.SpringApplication               : Started application in 0.154 seconds (process running for 227.283)
2023-12-17T15:41:56.384+09:00  INFO 13019 --- [item-service] [http-nio-8081-exec-8] .e.DevToolsPropertyDefaultsPostProcessor : Devtools property defaults active! Set 'spring.devtools.add-properties' to 'false' to disable
2023-12-17T15:41:56.431+09:00  INFO 13019 --- [item-service] [http-nio-8081-exec-8] c.c.c.ConfigServicePropertySourceLocator : Fetching config from server at : http://localhost:8080
2023-12-17T15:41:56.452+09:00  INFO 13019 --- [item-service] [http-nio-8081-exec-8] c.c.c.ConfigServicePropertySourceLocator : Located environment: name=item-service, profiles=[local], label=null, version=null, state=null
2023-12-17T15:41:56.453+09:00  INFO 13019 --- [item-service] [http-nio-8081-exec-8] b.c.PropertySourceBootstrapConfiguration : Located property source: [BootstrapPropertySource {name='bootstrapProperties-configClient'}, BootstrapPropertySource {name='bootstrapProperties-classpath:/config/item-service-local.yml'}, BootstrapPropertySource {name='bootstrapProperties-classpath:/config/item-service.yml'}]
2023-12-17T15:41:56.463+09:00  INFO 13019 --- [item-service] [http-nio-8081-exec-8] o.s.boot.SpringApplication               : The following 1 profile is active: "local"
2023-12-17T15:41:56.471+09:00  INFO 13019 --- [item-service] [http-nio-8081-exec-8] o.s.boot.SpringApplication               : Started application in 0.138 seconds (process running for 229.375)
2023-12-17T15:42:38.387+09:00  INFO 13019 --- [item-service] [SpringApplicationShutdownHook] j.LocalContainerEntityManagerFactoryBean : Closing JPA EntityManagerFactory for persistence unit 'default'
2023-12-17T15:42:38.390+09:00  INFO 13019 --- [item-service] [SpringApplicationShutdownHook] com.zaxxer.hikari.HikariDataSource       : HikariPool-1 - Shutdown initiated...
2023-12-17T15:42:38.396+09:00  INFO 13019 --- [item-service] [SpringApplicationShutdownHook] com.zaxxer.hikari.HikariDataSource       : HikariPool-1 - Shutdown completed.
