2023-12-17T15:06:59.801+09:00  INFO 10899 --- [item-service] [restartedMain] org.msa.item.ItemApplication             : No active profile set, falling back to 1 default profile: "default"
2023-12-17T15:07:00.348+09:00  INFO 10899 --- [item-service] [restartedMain] .s.d.r.c.RepositoryConfigurationDelegate : Bootstrapping Spring Data JPA repositories in DEFAULT mode.
2023-12-17T15:07:00.382+09:00  INFO 10899 --- [item-service] [restartedMain] .s.d.r.c.RepositoryConfigurationDelegate : Finished Spring Data repository scanning in 27 ms. Found 1 JPA repository interface.
2023-12-17T15:07:00.508+09:00  INFO 10899 --- [item-service] [restartedMain] o.s.cloud.context.scope.GenericScope     : BeanFactory id=849116b5-0012-3fbc-bb27-c7e62b7c5fa0
2023-12-17T15:07:00.921+09:00  INFO 10899 --- [item-service] [restartedMain] o.s.b.w.embedded.tomcat.TomcatWebServer  : Tomcat initialized with port 0 (http)
2023-12-17T15:07:00.929+09:00  INFO 10899 --- [item-service] [restartedMain] o.apache.catalina.core.StandardService   : Starting service [Tomcat]
2023-12-17T15:07:00.929+09:00  INFO 10899 --- [item-service] [restartedMain] o.apache.catalina.core.StandardEngine    : Starting Servlet engine: [Apache Tomcat/10.1.16]
2023-12-17T15:07:00.984+09:00  INFO 10899 --- [item-service] [restartedMain] o.a.c.c.C.[Tomcat].[localhost].[/]       : Initializing Spring embedded WebApplicationContext
2023-12-17T15:07:00.984+09:00  INFO 10899 --- [item-service] [restartedMain] w.s.c.ServletWebServerApplicationContext : Root WebApplicationContext: initialization completed in 1172 ms
2023-12-17T15:07:01.128+09:00  INFO 10899 --- [item-service] [restartedMain] o.hibernate.jpa.internal.util.LogHelper  : HHH000204: Processing PersistenceUnitInfo [name: default]
2023-12-17T15:07:01.188+09:00  INFO 10899 --- [item-service] [restartedMain] org.hibernate.Version                    : HHH000412: Hibernate ORM core version 6.3.1.Final
2023-12-17T15:07:01.219+09:00  INFO 10899 --- [item-service] [restartedMain] o.h.c.internal.RegionFactoryInitiator    : HHH000026: Second-level cache disabled
2023-12-17T15:07:01.466+09:00  INFO 10899 --- [item-service] [restartedMain] o.s.o.j.p.SpringPersistenceUnitInfo      : No LoadTimeWeaver setup: ignoring JPA class transformer
2023-12-17T15:07:01.490+09:00  INFO 10899 --- [item-service] [restartedMain] com.zaxxer.hikari.HikariDataSource       : HikariPool-1 - Starting...
2023-12-17T15:07:01.619+09:00  INFO 10899 --- [item-service] [restartedMain] com.zaxxer.hikari.pool.HikariPool        : HikariPool-1 - Added connection com.mysql.cj.jdbc.ConnectionImpl@58241119
2023-12-17T15:07:01.620+09:00  INFO 10899 --- [item-service] [restartedMain] com.zaxxer.hikari.HikariDataSource       : HikariPool-1 - Start completed.
2023-12-17T15:07:01.661+09:00  WARN 10899 --- [item-service] [restartedMain] org.hibernate.orm.deprecation            : HHH90000025: MySQL8Dialect does not need to be specified explicitly using 'hibernate.dialect' (remove the property setting and it will be selected by default)
2023-12-17T15:07:01.662+09:00  WARN 10899 --- [item-service] [restartedMain] org.hibernate.orm.deprecation            : HHH90000026: MySQL8Dialect has been deprecated; use org.hibernate.dialect.MySQLDialect instead
2023-12-17T15:07:02.418+09:00  INFO 10899 --- [item-service] [restartedMain] o.h.e.t.j.p.i.JtaPlatformInitiator       : HHH000489: No JTA platform available (set 'hibernate.transaction.jta.platform' to enable JTA platform integration)
2023-12-17T15:07:02.477+09:00  INFO 10899 --- [item-service] [restartedMain] j.LocalContainerEntityManagerFactoryBean : Initialized JPA EntityManagerFactory for persistence unit 'default'
2023-12-17T15:07:02.809+09:00  WARN 10899 --- [item-service] [restartedMain] JpaBaseConfiguration$JpaWebConfiguration : spring.jpa.open-in-view is enabled by default. Therefore, database queries may be performed during view rendering. Explicitly configure spring.jpa.open-in-view to disable this warning
2023-12-17T15:07:03.492+09:00  INFO 10899 --- [item-service] [restartedMain] o.s.b.d.a.OptionalLiveReloadServer       : LiveReload server is running on port 35729
2023-12-17T15:07:03.513+09:00  WARN 10899 --- [item-service] [restartedMain] ConfigServletWebServerApplicationContext : Exception encountered during context initialization - cancelling refresh attempt: org.springframework.beans.factory.BeanCreationException: Error creating bean with name 'compositeCompatibilityVerifier' defined in class path resource [org/springframework/cloud/configuration/CompatibilityVerifierAutoConfiguration.class]: Failed to instantiate [org.springframework.cloud.configuration.CompositeCompatibilityVerifier]: Factory method 'compositeCompatibilityVerifier' threw exception with message: Spring Cloud/ Spring Boot version compatibility checks have failed: [[VerificationResult@5765af53 description = 'Spring Boot [3.2.0] is not compatible with this Spring Cloud release train', action = 'Change Spring Boot version to one of the following versions [3.0.x] .
You can find the latest Spring Boot versions here [https://spring.io/projects/spring-boot#learn]. 
If you want to learn more about the Spring Cloud Release train compatibility, you can visit this page [https://spring.io/projects/spring-cloud#overview] and check the [Release Trains] section.
If you want to disable this check, just set the property [spring.cloud.compatibility-verifier.enabled=false]']]
2023-12-17T15:07:03.515+09:00  INFO 10899 --- [item-service] [restartedMain] j.LocalContainerEntityManagerFactoryBean : Closing JPA EntityManagerFactory for persistence unit 'default'
2023-12-17T15:07:03.519+09:00  INFO 10899 --- [item-service] [restartedMain] com.zaxxer.hikari.HikariDataSource       : HikariPool-1 - Shutdown initiated...
2023-12-17T15:07:03.524+09:00  INFO 10899 --- [item-service] [restartedMain] com.zaxxer.hikari.HikariDataSource       : HikariPool-1 - Shutdown completed.
2023-12-17T15:07:03.527+09:00  INFO 10899 --- [item-service] [restartedMain] o.apache.catalina.core.StandardService   : Stopping service [Tomcat]
2023-12-17T15:07:03.540+09:00  INFO 10899 --- [item-service] [restartedMain] .s.b.a.l.ConditionEvaluationReportLogger : 

Error starting ApplicationContext. To display the condition evaluation report re-run your application with 'debug' enabled.
2023-12-17T15:07:03.556+09:00 ERROR 10899 --- [item-service] [restartedMain] o.s.b.d.LoggingFailureAnalysisReporter   : 

***************************
APPLICATION FAILED TO START
***************************

Description:

Your project setup is incompatible with our requirements due to following reasons:

- Spring Boot [3.2.0] is not compatible with this Spring Cloud release train


Action:

Consider applying the following actions:

- Change Spring Boot version to one of the following versions [3.0.x] .
You can find the latest Spring Boot versions here [https://spring.io/projects/spring-boot#learn]. 
If you want to learn more about the Spring Cloud Release train compatibility, you can visit this page [https://spring.io/projects/spring-cloud#overview] and check the [Release Trains] section.
If you want to disable this check, just set the property [spring.cloud.compatibility-verifier.enabled=false]


2023-12-17T15:07:59.138+09:00  INFO 10959 --- [item-service] [restartedMain] org.msa.item.ItemApplication             : No active profile set, falling back to 1 default profile: "default"
2023-12-17T15:07:59.664+09:00  INFO 10959 --- [item-service] [restartedMain] .s.d.r.c.RepositoryConfigurationDelegate : Bootstrapping Spring Data JPA repositories in DEFAULT mode.
2023-12-17T15:07:59.696+09:00  INFO 10959 --- [item-service] [restartedMain] .s.d.r.c.RepositoryConfigurationDelegate : Finished Spring Data repository scanning in 25 ms. Found 1 JPA repository interface.
2023-12-17T15:07:59.823+09:00  INFO 10959 --- [item-service] [restartedMain] o.s.cloud.context.scope.GenericScope     : BeanFactory id=849116b5-0012-3fbc-bb27-c7e62b7c5fa0
2023-12-17T15:08:00.258+09:00  INFO 10959 --- [item-service] [restartedMain] o.s.b.w.embedded.tomcat.TomcatWebServer  : Tomcat initialized with port 0 (http)
2023-12-17T15:08:00.267+09:00  INFO 10959 --- [item-service] [restartedMain] o.apache.catalina.core.StandardService   : Starting service [Tomcat]
2023-12-17T15:08:00.267+09:00  INFO 10959 --- [item-service] [restartedMain] o.apache.catalina.core.StandardEngine    : Starting Servlet engine: [Apache Tomcat/10.1.16]
2023-12-17T15:08:00.333+09:00  INFO 10959 --- [item-service] [restartedMain] o.a.c.c.C.[Tomcat].[localhost].[/]       : Initializing Spring embedded WebApplicationContext
2023-12-17T15:08:00.333+09:00  INFO 10959 --- [item-service] [restartedMain] w.s.c.ServletWebServerApplicationContext : Root WebApplicationContext: initialization completed in 1183 ms
2023-12-17T15:08:00.482+09:00  INFO 10959 --- [item-service] [restartedMain] o.hibernate.jpa.internal.util.LogHelper  : HHH000204: Processing PersistenceUnitInfo [name: default]
2023-12-17T15:08:00.544+09:00  INFO 10959 --- [item-service] [restartedMain] org.hibernate.Version                    : HHH000412: Hibernate ORM core version 6.3.1.Final
2023-12-17T15:08:00.577+09:00  INFO 10959 --- [item-service] [restartedMain] o.h.c.internal.RegionFactoryInitiator    : HHH000026: Second-level cache disabled
2023-12-17T15:08:00.816+09:00  INFO 10959 --- [item-service] [restartedMain] o.s.o.j.p.SpringPersistenceUnitInfo      : No LoadTimeWeaver setup: ignoring JPA class transformer
2023-12-17T15:08:00.851+09:00  INFO 10959 --- [item-service] [restartedMain] com.zaxxer.hikari.HikariDataSource       : HikariPool-1 - Starting...
2023-12-17T15:08:00.980+09:00  INFO 10959 --- [item-service] [restartedMain] com.zaxxer.hikari.pool.HikariPool        : HikariPool-1 - Added connection com.mysql.cj.jdbc.ConnectionImpl@4d987c6a
2023-12-17T15:08:00.981+09:00  INFO 10959 --- [item-service] [restartedMain] com.zaxxer.hikari.HikariDataSource       : HikariPool-1 - Start completed.
2023-12-17T15:08:01.020+09:00  WARN 10959 --- [item-service] [restartedMain] org.hibernate.orm.deprecation            : HHH90000025: MySQL8Dialect does not need to be specified explicitly using 'hibernate.dialect' (remove the property setting and it will be selected by default)
2023-12-17T15:08:01.021+09:00  WARN 10959 --- [item-service] [restartedMain] org.hibernate.orm.deprecation            : HHH90000026: MySQL8Dialect has been deprecated; use org.hibernate.dialect.MySQLDialect instead
2023-12-17T15:08:01.721+09:00  INFO 10959 --- [item-service] [restartedMain] o.h.e.t.j.p.i.JtaPlatformInitiator       : HHH000489: No JTA platform available (set 'hibernate.transaction.jta.platform' to enable JTA platform integration)
2023-12-17T15:08:01.776+09:00  INFO 10959 --- [item-service] [restartedMain] j.LocalContainerEntityManagerFactoryBean : Initialized JPA EntityManagerFactory for persistence unit 'default'
2023-12-17T15:08:02.111+09:00  WARN 10959 --- [item-service] [restartedMain] JpaBaseConfiguration$JpaWebConfiguration : spring.jpa.open-in-view is enabled by default. Therefore, database queries may be performed during view rendering. Explicitly configure spring.jpa.open-in-view to disable this warning
2023-12-17T15:08:02.816+09:00  INFO 10959 --- [item-service] [restartedMain] o.s.b.d.a.OptionalLiveReloadServer       : LiveReload server is running on port 35729
2023-12-17T15:08:02.841+09:00  WARN 10959 --- [item-service] [restartedMain] ConfigServletWebServerApplicationContext : Exception encountered during context initialization - cancelling refresh attempt: org.springframework.beans.factory.BeanCreationException: Error creating bean with name 'compositeCompatibilityVerifier' defined in class path resource [org/springframework/cloud/configuration/CompatibilityVerifierAutoConfiguration.class]: Failed to instantiate [org.springframework.cloud.configuration.CompositeCompatibilityVerifier]: Factory method 'compositeCompatibilityVerifier' threw exception with message: Spring Cloud/ Spring Boot version compatibility checks have failed: [[VerificationResult@61fc75d4 description = 'Spring Boot [3.2.0] is not compatible with this Spring Cloud release train', action = 'Change Spring Boot version to one of the following versions [3.0.x] .
You can find the latest Spring Boot versions here [https://spring.io/projects/spring-boot#learn]. 
If you want to learn more about the Spring Cloud Release train compatibility, you can visit this page [https://spring.io/projects/spring-cloud#overview] and check the [Release Trains] section.
If you want to disable this check, just set the property [spring.cloud.compatibility-verifier.enabled=false]']]
2023-12-17T15:08:02.843+09:00  INFO 10959 --- [item-service] [restartedMain] j.LocalContainerEntityManagerFactoryBean : Closing JPA EntityManagerFactory for persistence unit 'default'
2023-12-17T15:08:02.847+09:00  INFO 10959 --- [item-service] [restartedMain] com.zaxxer.hikari.HikariDataSource       : HikariPool-1 - Shutdown initiated...
2023-12-17T15:08:02.853+09:00  INFO 10959 --- [item-service] [restartedMain] com.zaxxer.hikari.HikariDataSource       : HikariPool-1 - Shutdown completed.
2023-12-17T15:08:02.855+09:00  INFO 10959 --- [item-service] [restartedMain] o.apache.catalina.core.StandardService   : Stopping service [Tomcat]
2023-12-17T15:08:02.871+09:00  INFO 10959 --- [item-service] [restartedMain] .s.b.a.l.ConditionEvaluationReportLogger : 

Error starting ApplicationContext. To display the condition evaluation report re-run your application with 'debug' enabled.
2023-12-17T15:08:02.889+09:00 ERROR 10959 --- [item-service] [restartedMain] o.s.b.d.LoggingFailureAnalysisReporter   : 

***************************
APPLICATION FAILED TO START
***************************

Description:

Your project setup is incompatible with our requirements due to following reasons:

- Spring Boot [3.2.0] is not compatible with this Spring Cloud release train


Action:

Consider applying the following actions:

- Change Spring Boot version to one of the following versions [3.0.x] .
You can find the latest Spring Boot versions here [https://spring.io/projects/spring-boot#learn]. 
If you want to learn more about the Spring Cloud Release train compatibility, you can visit this page [https://spring.io/projects/spring-cloud#overview] and check the [Release Trains] section.
If you want to disable this check, just set the property [spring.cloud.compatibility-verifier.enabled=false]


2023-12-17T15:08:54.745+09:00  INFO 11034 --- [item-service] [restartedMain] org.msa.item.ItemApplication             : No active profile set, falling back to 1 default profile: "default"
2023-12-17T15:08:55.352+09:00  INFO 11034 --- [item-service] [restartedMain] .s.d.r.c.RepositoryConfigurationDelegate : Bootstrapping Spring Data JPA repositories in DEFAULT mode.
2023-12-17T15:08:55.391+09:00  INFO 11034 --- [item-service] [restartedMain] .s.d.r.c.RepositoryConfigurationDelegate : Finished Spring Data repository scanning in 30 ms. Found 1 JPA repository interface.
2023-12-17T15:08:55.528+09:00  INFO 11034 --- [item-service] [restartedMain] o.s.cloud.context.scope.GenericScope     : BeanFactory id=849116b5-0012-3fbc-bb27-c7e62b7c5fa0
2023-12-17T15:08:56.002+09:00  INFO 11034 --- [item-service] [restartedMain] o.s.b.w.embedded.tomcat.TomcatWebServer  : Tomcat initialized with port 0 (http)
2023-12-17T15:08:56.011+09:00  INFO 11034 --- [item-service] [restartedMain] o.apache.catalina.core.StandardService   : Starting service [Tomcat]
2023-12-17T15:08:56.011+09:00  INFO 11034 --- [item-service] [restartedMain] o.apache.catalina.core.StandardEngine    : Starting Servlet engine: [Apache Tomcat/10.1.16]
2023-12-17T15:08:56.060+09:00  INFO 11034 --- [item-service] [restartedMain] o.a.c.c.C.[Tomcat].[localhost].[/]       : Initializing Spring embedded WebApplicationContext
2023-12-17T15:08:56.061+09:00  INFO 11034 --- [item-service] [restartedMain] w.s.c.ServletWebServerApplicationContext : Root WebApplicationContext: initialization completed in 1304 ms
2023-12-17T15:08:56.194+09:00  INFO 11034 --- [item-service] [restartedMain] o.hibernate.jpa.internal.util.LogHelper  : HHH000204: Processing PersistenceUnitInfo [name: default]
2023-12-17T15:08:56.260+09:00  INFO 11034 --- [item-service] [restartedMain] org.hibernate.Version                    : HHH000412: Hibernate ORM core version 6.3.1.Final
2023-12-17T15:08:56.294+09:00  INFO 11034 --- [item-service] [restartedMain] o.h.c.internal.RegionFactoryInitiator    : HHH000026: Second-level cache disabled
2023-12-17T15:08:56.559+09:00  INFO 11034 --- [item-service] [restartedMain] o.s.o.j.p.SpringPersistenceUnitInfo      : No LoadTimeWeaver setup: ignoring JPA class transformer
2023-12-17T15:08:56.584+09:00  INFO 11034 --- [item-service] [restartedMain] com.zaxxer.hikari.HikariDataSource       : HikariPool-1 - Starting...
2023-12-17T15:08:56.714+09:00  INFO 11034 --- [item-service] [restartedMain] com.zaxxer.hikari.pool.HikariPool        : HikariPool-1 - Added connection com.mysql.cj.jdbc.ConnectionImpl@5a8f23f
2023-12-17T15:08:56.738+09:00  INFO 11034 --- [item-service] [restartedMain] com.zaxxer.hikari.HikariDataSource       : HikariPool-1 - Start completed.
2023-12-17T15:08:56.782+09:00  WARN 11034 --- [item-service] [restartedMain] org.hibernate.orm.deprecation            : HHH90000025: MySQL8Dialect does not need to be specified explicitly using 'hibernate.dialect' (remove the property setting and it will be selected by default)
2023-12-17T15:08:56.783+09:00  WARN 11034 --- [item-service] [restartedMain] org.hibernate.orm.deprecation            : HHH90000026: MySQL8Dialect has been deprecated; use org.hibernate.dialect.MySQLDialect instead
2023-12-17T15:08:57.564+09:00  INFO 11034 --- [item-service] [restartedMain] o.h.e.t.j.p.i.JtaPlatformInitiator       : HHH000489: No JTA platform available (set 'hibernate.transaction.jta.platform' to enable JTA platform integration)
2023-12-17T15:08:57.625+09:00  INFO 11034 --- [item-service] [restartedMain] j.LocalContainerEntityManagerFactoryBean : Initialized JPA EntityManagerFactory for persistence unit 'default'
2023-12-17T15:08:57.974+09:00  WARN 11034 --- [item-service] [restartedMain] JpaBaseConfiguration$JpaWebConfiguration : spring.jpa.open-in-view is enabled by default. Therefore, database queries may be performed during view rendering. Explicitly configure spring.jpa.open-in-view to disable this warning
2023-12-17T15:08:58.738+09:00  INFO 11034 --- [item-service] [restartedMain] o.s.b.d.a.OptionalLiveReloadServer       : LiveReload server is running on port 35729
2023-12-17T15:08:58.761+09:00  WARN 11034 --- [item-service] [restartedMain] ConfigServletWebServerApplicationContext : Exception encountered during context initialization - cancelling refresh attempt: org.springframework.beans.factory.BeanCreationException: Error creating bean with name 'compositeCompatibilityVerifier' defined in class path resource [org/springframework/cloud/configuration/CompatibilityVerifierAutoConfiguration.class]: Failed to instantiate [org.springframework.cloud.configuration.CompositeCompatibilityVerifier]: Factory method 'compositeCompatibilityVerifier' threw exception with message: Spring Cloud/ Spring Boot version compatibility checks have failed: [[VerificationResult@6662c99f description = 'Spring Boot [3.2.0] is not compatible with this Spring Cloud release train', action = 'Change Spring Boot version to one of the following versions [3.0.x] .
You can find the latest Spring Boot versions here [https://spring.io/projects/spring-boot#learn]. 
If you want to learn more about the Spring Cloud Release train compatibility, you can visit this page [https://spring.io/projects/spring-cloud#overview] and check the [Release Trains] section.
If you want to disable this check, just set the property [spring.cloud.compatibility-verifier.enabled=false]']]
2023-12-17T15:08:58.763+09:00  INFO 11034 --- [item-service] [restartedMain] j.LocalContainerEntityManagerFactoryBean : Closing JPA EntityManagerFactory for persistence unit 'default'
2023-12-17T15:08:58.767+09:00  INFO 11034 --- [item-service] [restartedMain] com.zaxxer.hikari.HikariDataSource       : HikariPool-1 - Shutdown initiated...
2023-12-17T15:08:58.774+09:00  INFO 11034 --- [item-service] [restartedMain] com.zaxxer.hikari.HikariDataSource       : HikariPool-1 - Shutdown completed.
2023-12-17T15:08:58.777+09:00  INFO 11034 --- [item-service] [restartedMain] o.apache.catalina.core.StandardService   : Stopping service [Tomcat]
2023-12-17T15:08:58.790+09:00  INFO 11034 --- [item-service] [restartedMain] .s.b.a.l.ConditionEvaluationReportLogger : 

Error starting ApplicationContext. To display the condition evaluation report re-run your application with 'debug' enabled.
2023-12-17T15:08:58.825+09:00 ERROR 11034 --- [item-service] [restartedMain] o.s.b.d.LoggingFailureAnalysisReporter   : 

***************************
APPLICATION FAILED TO START
***************************

Description:

Your project setup is incompatible with our requirements due to following reasons:

- Spring Boot [3.2.0] is not compatible with this Spring Cloud release train


Action:

Consider applying the following actions:

- Change Spring Boot version to one of the following versions [3.0.x] .
You can find the latest Spring Boot versions here [https://spring.io/projects/spring-boot#learn]. 
If you want to learn more about the Spring Cloud Release train compatibility, you can visit this page [https://spring.io/projects/spring-cloud#overview] and check the [Release Trains] section.
If you want to disable this check, just set the property [spring.cloud.compatibility-verifier.enabled=false]


2023-12-17T15:09:42.721+09:00  INFO 11080 --- [restartedMain] org.msa.item.ItemApplication             : No active profile set, falling back to 1 default profile: "default"
2023-12-17T15:09:43.240+09:00  INFO 11080 --- [restartedMain] .s.d.r.c.RepositoryConfigurationDelegate : Bootstrapping Spring Data JPA repositories in DEFAULT mode.
2023-12-17T15:09:43.272+09:00  INFO 11080 --- [restartedMain] .s.d.r.c.RepositoryConfigurationDelegate : Finished Spring Data repository scanning in 26 ms. Found 1 JPA repository interfaces.
2023-12-17T15:09:43.396+09:00  INFO 11080 --- [restartedMain] o.s.cloud.context.scope.GenericScope     : BeanFactory id=80fefef5-16cc-3389-8322-61ef95321d6a
2023-12-17T15:09:43.794+09:00  INFO 11080 --- [restartedMain] o.s.b.w.embedded.tomcat.TomcatWebServer  : Tomcat initialized with port(s): 0 (http)
2023-12-17T15:09:43.802+09:00  INFO 11080 --- [restartedMain] o.apache.catalina.core.StandardService   : Starting service [Tomcat]
2023-12-17T15:09:43.802+09:00  INFO 11080 --- [restartedMain] o.apache.catalina.core.StandardEngine    : Starting Servlet engine: [Apache Tomcat/10.1.1]
2023-12-17T15:09:43.853+09:00  INFO 11080 --- [restartedMain] o.a.c.c.C.[Tomcat].[localhost].[/]       : Initializing Spring embedded WebApplicationContext
2023-12-17T15:09:43.869+09:00  INFO 11080 --- [restartedMain] w.s.c.ServletWebServerApplicationContext : Root WebApplicationContext: initialization completed in 1135 ms
2023-12-17T15:09:43.980+09:00  INFO 11080 --- [restartedMain] o.hibernate.jpa.internal.util.LogHelper  : HHH000204: Processing PersistenceUnitInfo [name: default]
2023-12-17T15:09:44.022+09:00  INFO 11080 --- [restartedMain] org.hibernate.Version                    : HHH000412: Hibernate ORM core version 6.1.5.Final
2023-12-17T15:09:44.157+09:00  WARN 11080 --- [restartedMain] org.hibernate.orm.deprecation            : HHH90000021: Encountered deprecated setting [javax.persistence.sharedCache.mode], use [jakarta.persistence.sharedCache.mode] instead
2023-12-17T15:09:44.251+09:00  INFO 11080 --- [restartedMain] com.zaxxer.hikari.HikariDataSource       : HikariPool-1 - Starting...
2023-12-17T15:09:44.375+09:00  INFO 11080 --- [restartedMain] com.zaxxer.hikari.pool.HikariPool        : HikariPool-1 - Added connection com.mysql.cj.jdbc.ConnectionImpl@7148f286
2023-12-17T15:09:44.377+09:00  INFO 11080 --- [restartedMain] com.zaxxer.hikari.HikariDataSource       : HikariPool-1 - Start completed.
2023-12-17T15:09:44.394+09:00  INFO 11080 --- [restartedMain] SQL dialect                              : HHH000400: Using dialect: org.hibernate.dialect.MySQL8Dialect
2023-12-17T15:09:44.394+09:00  WARN 11080 --- [restartedMain] org.hibernate.orm.deprecation            : HHH90000026: MySQL8Dialect has been deprecated; use org.hibernate.dialect.MySQLDialect instead
2023-12-17T15:09:45.056+09:00  INFO 11080 --- [restartedMain] o.h.e.t.j.p.i.JtaPlatformInitiator       : HHH000490: Using JtaPlatform implementation: [org.hibernate.engine.transaction.jta.platform.internal.NoJtaPlatform]
2023-12-17T15:09:45.064+09:00  INFO 11080 --- [restartedMain] j.LocalContainerEntityManagerFactoryBean : Initialized JPA EntityManagerFactory for persistence unit 'default'
2023-12-17T15:09:45.381+09:00  WARN 11080 --- [restartedMain] JpaBaseConfiguration$JpaWebConfiguration : spring.jpa.open-in-view is enabled by default. Therefore, database queries may be performed during view rendering. Explicitly configure spring.jpa.open-in-view to disable this warning
2023-12-17T15:09:46.110+09:00  INFO 11080 --- [restartedMain] o.s.b.d.a.OptionalLiveReloadServer       : LiveReload server is running on port 35729
2023-12-17T15:09:46.130+09:00  WARN 11080 --- [restartedMain] ConfigServletWebServerApplicationContext : Exception encountered during context initialization - cancelling refresh attempt: org.springframework.beans.factory.BeanCreationException: Error creating bean with name 'compositeCompatibilityVerifier' defined in class path resource [org/springframework/cloud/configuration/CompatibilityVerifierAutoConfiguration.class]: Failed to instantiate [org.springframework.cloud.configuration.CompositeCompatibilityVerifier]: Factory method 'compositeCompatibilityVerifier' threw exception with message: Spring Cloud/ Spring Boot version compatibility checks have failed: [[VerificationResult@6736473a description = 'Spring Boot [3.0.0] is not compatible with this Spring Cloud release train', action = 'Change Spring Boot version to one of the following versions [3.2.x] .
You can find the latest Spring Boot versions here [https://spring.io/projects/spring-boot#learn]. 
If you want to learn more about the Spring Cloud Release train compatibility, you can visit this page [https://spring.io/projects/spring-cloud#overview] and check the [Release Trains] section.
If you want to disable this check, just set the property [spring.cloud.compatibility-verifier.enabled=false]']]
2023-12-17T15:09:46.132+09:00  INFO 11080 --- [restartedMain] j.LocalContainerEntityManagerFactoryBean : Closing JPA EntityManagerFactory for persistence unit 'default'
2023-12-17T15:09:46.134+09:00  INFO 11080 --- [restartedMain] com.zaxxer.hikari.HikariDataSource       : HikariPool-1 - Shutdown initiated...
2023-12-17T15:09:46.141+09:00  INFO 11080 --- [restartedMain] com.zaxxer.hikari.HikariDataSource       : HikariPool-1 - Shutdown completed.
2023-12-17T15:09:46.143+09:00  INFO 11080 --- [restartedMain] o.apache.catalina.core.StandardService   : Stopping service [Tomcat]
2023-12-17T15:09:46.156+09:00  INFO 11080 --- [restartedMain] .s.b.a.l.ConditionEvaluationReportLogger : 

Error starting ApplicationContext. To display the condition evaluation report re-run your application with 'debug' enabled.
2023-12-17T15:09:46.173+09:00 ERROR 11080 --- [restartedMain] o.s.b.d.LoggingFailureAnalysisReporter   : 

***************************
APPLICATION FAILED TO START
***************************

Description:

Your project setup is incompatible with our requirements due to following reasons:

- Spring Boot [3.0.0] is not compatible with this Spring Cloud release train


Action:

Consider applying the following actions:

- Change Spring Boot version to one of the following versions [3.2.x] .
You can find the latest Spring Boot versions here [https://spring.io/projects/spring-boot#learn]. 
If you want to learn more about the Spring Cloud Release train compatibility, you can visit this page [https://spring.io/projects/spring-cloud#overview] and check the [Release Trains] section.
If you want to disable this check, just set the property [spring.cloud.compatibility-verifier.enabled=false]


2023-12-17T15:17:30.285+09:00  INFO 11529 --- [item-service] [restartedMain] org.msa.item.ItemApplication             : No active profile set, falling back to 1 default profile: "default"
2023-12-17T15:17:30.854+09:00  INFO 11529 --- [item-service] [restartedMain] .s.d.r.c.RepositoryConfigurationDelegate : Bootstrapping Spring Data JPA repositories in DEFAULT mode.
2023-12-17T15:17:30.893+09:00  INFO 11529 --- [item-service] [restartedMain] .s.d.r.c.RepositoryConfigurationDelegate : Finished Spring Data repository scanning in 29 ms. Found 1 JPA repository interface.
2023-12-17T15:17:31.037+09:00  INFO 11529 --- [item-service] [restartedMain] o.s.cloud.context.scope.GenericScope     : BeanFactory id=87655ba4-a19e-38ea-a158-1622ca79c49b
2023-12-17T15:17:31.429+09:00  INFO 11529 --- [item-service] [restartedMain] o.s.b.w.embedded.tomcat.TomcatWebServer  : Tomcat initialized with port 0 (http)
2023-12-17T15:17:31.437+09:00  INFO 11529 --- [item-service] [restartedMain] o.apache.catalina.core.StandardService   : Starting service [Tomcat]
2023-12-17T15:17:31.437+09:00  INFO 11529 --- [item-service] [restartedMain] o.apache.catalina.core.StandardEngine    : Starting Servlet engine: [Apache Tomcat/10.1.16]
2023-12-17T15:17:31.484+09:00  INFO 11529 --- [item-service] [restartedMain] o.a.c.c.C.[Tomcat].[localhost].[/]       : Initializing Spring embedded WebApplicationContext
2023-12-17T15:17:31.484+09:00  INFO 11529 --- [item-service] [restartedMain] w.s.c.ServletWebServerApplicationContext : Root WebApplicationContext: initialization completed in 1184 ms
2023-12-17T15:17:31.626+09:00  INFO 11529 --- [item-service] [restartedMain] o.hibernate.jpa.internal.util.LogHelper  : HHH000204: Processing PersistenceUnitInfo [name: default]
2023-12-17T15:17:31.689+09:00  INFO 11529 --- [item-service] [restartedMain] org.hibernate.Version                    : HHH000412: Hibernate ORM core version 6.3.1.Final
2023-12-17T15:17:31.722+09:00  INFO 11529 --- [item-service] [restartedMain] o.h.c.internal.RegionFactoryInitiator    : HHH000026: Second-level cache disabled
2023-12-17T15:17:31.958+09:00  INFO 11529 --- [item-service] [restartedMain] o.s.o.j.p.SpringPersistenceUnitInfo      : No LoadTimeWeaver setup: ignoring JPA class transformer
2023-12-17T15:17:31.982+09:00  INFO 11529 --- [item-service] [restartedMain] com.zaxxer.hikari.HikariDataSource       : HikariPool-1 - Starting...
2023-12-17T15:17:32.110+09:00  INFO 11529 --- [item-service] [restartedMain] com.zaxxer.hikari.pool.HikariPool        : HikariPool-1 - Added connection com.mysql.cj.jdbc.ConnectionImpl@447678
2023-12-17T15:17:32.112+09:00  INFO 11529 --- [item-service] [restartedMain] com.zaxxer.hikari.HikariDataSource       : HikariPool-1 - Start completed.
2023-12-17T15:17:32.148+09:00  WARN 11529 --- [item-service] [restartedMain] org.hibernate.orm.deprecation            : HHH90000025: MySQL8Dialect does not need to be specified explicitly using 'hibernate.dialect' (remove the property setting and it will be selected by default)
2023-12-17T15:17:32.149+09:00  WARN 11529 --- [item-service] [restartedMain] org.hibernate.orm.deprecation            : HHH90000026: MySQL8Dialect has been deprecated; use org.hibernate.dialect.MySQLDialect instead
2023-12-17T15:17:32.879+09:00  INFO 11529 --- [item-service] [restartedMain] o.h.e.t.j.p.i.JtaPlatformInitiator       : HHH000489: No JTA platform available (set 'hibernate.transaction.jta.platform' to enable JTA platform integration)
2023-12-17T15:17:32.936+09:00  INFO 11529 --- [item-service] [restartedMain] j.LocalContainerEntityManagerFactoryBean : Initialized JPA EntityManagerFactory for persistence unit 'default'
2023-12-17T15:17:33.268+09:00  WARN 11529 --- [item-service] [restartedMain] JpaBaseConfiguration$JpaWebConfiguration : spring.jpa.open-in-view is enabled by default. Therefore, database queries may be performed during view rendering. Explicitly configure spring.jpa.open-in-view to disable this warning
2023-12-17T15:17:33.919+09:00  INFO 11529 --- [item-service] [restartedMain] o.s.b.d.a.OptionalLiveReloadServer       : LiveReload server is running on port 35729
2023-12-17T15:17:33.985+09:00  INFO 11529 --- [item-service] [restartedMain] o.s.b.w.embedded.tomcat.TomcatWebServer  : Tomcat started on port 52447 (http) with context path ''
2023-12-17T15:17:33.997+09:00  INFO 11529 --- [item-service] [restartedMain] org.msa.item.ItemApplication             : Started ItemApplication in 4.622 seconds (process running for 5.123)
2023-12-17T15:18:13.608+09:00  INFO 11529 --- [item-service] [SpringApplicationShutdownHook] j.LocalContainerEntityManagerFactoryBean : Closing JPA EntityManagerFactory for persistence unit 'default'
2023-12-17T15:18:13.615+09:00  INFO 11529 --- [item-service] [SpringApplicationShutdownHook] com.zaxxer.hikari.HikariDataSource       : HikariPool-1 - Shutdown initiated...
2023-12-17T15:18:13.622+09:00  INFO 11529 --- [item-service] [SpringApplicationShutdownHook] com.zaxxer.hikari.HikariDataSource       : HikariPool-1 - Shutdown completed.
2023-12-17T15:18:16.873+09:00  INFO 11592 --- [item-service] [restartedMain] org.msa.item.ItemApplication             : No active profile set, falling back to 1 default profile: "default"
2023-12-17T15:18:17.507+09:00  INFO 11592 --- [item-service] [restartedMain] .s.d.r.c.RepositoryConfigurationDelegate : Bootstrapping Spring Data JPA repositories in DEFAULT mode.
2023-12-17T15:18:17.549+09:00  INFO 11592 --- [item-service] [restartedMain] .s.d.r.c.RepositoryConfigurationDelegate : Finished Spring Data repository scanning in 34 ms. Found 1 JPA repository interface.
2023-12-17T15:18:17.700+09:00  INFO 11592 --- [item-service] [restartedMain] o.s.cloud.context.scope.GenericScope     : BeanFactory id=87655ba4-a19e-38ea-a158-1622ca79c49b
2023-12-17T15:18:18.155+09:00  INFO 11592 --- [item-service] [restartedMain] o.s.b.w.embedded.tomcat.TomcatWebServer  : Tomcat initialized with port 5000 (http)
2023-12-17T15:18:18.164+09:00  INFO 11592 --- [item-service] [restartedMain] o.apache.catalina.core.StandardService   : Starting service [Tomcat]
2023-12-17T15:18:18.164+09:00  INFO 11592 --- [item-service] [restartedMain] o.apache.catalina.core.StandardEngine    : Starting Servlet engine: [Apache Tomcat/10.1.16]
2023-12-17T15:18:18.206+09:00  INFO 11592 --- [item-service] [restartedMain] o.a.c.c.C.[Tomcat].[localhost].[/]       : Initializing Spring embedded WebApplicationContext
2023-12-17T15:18:18.206+09:00  INFO 11592 --- [item-service] [restartedMain] w.s.c.ServletWebServerApplicationContext : Root WebApplicationContext: initialization completed in 1314 ms
2023-12-17T15:18:18.338+09:00  INFO 11592 --- [item-service] [restartedMain] o.hibernate.jpa.internal.util.LogHelper  : HHH000204: Processing PersistenceUnitInfo [name: default]
2023-12-17T15:18:18.398+09:00  INFO 11592 --- [item-service] [restartedMain] org.hibernate.Version                    : HHH000412: Hibernate ORM core version 6.3.1.Final
2023-12-17T15:18:18.433+09:00  INFO 11592 --- [item-service] [restartedMain] o.h.c.internal.RegionFactoryInitiator    : HHH000026: Second-level cache disabled
2023-12-17T15:18:18.645+09:00  INFO 11592 --- [item-service] [restartedMain] o.s.o.j.p.SpringPersistenceUnitInfo      : No LoadTimeWeaver setup: ignoring JPA class transformer
2023-12-17T15:18:18.672+09:00  INFO 11592 --- [item-service] [restartedMain] com.zaxxer.hikari.HikariDataSource       : HikariPool-1 - Starting...
2023-12-17T15:18:18.798+09:00  INFO 11592 --- [item-service] [restartedMain] com.zaxxer.hikari.pool.HikariPool        : HikariPool-1 - Added connection com.mysql.cj.jdbc.ConnectionImpl@7959352b
2023-12-17T15:18:18.799+09:00  INFO 11592 --- [item-service] [restartedMain] com.zaxxer.hikari.HikariDataSource       : HikariPool-1 - Start completed.
2023-12-17T15:18:18.838+09:00  WARN 11592 --- [item-service] [restartedMain] org.hibernate.orm.deprecation            : HHH90000025: MySQL8Dialect does not need to be specified explicitly using 'hibernate.dialect' (remove the property setting and it will be selected by default)
2023-12-17T15:18:18.839+09:00  WARN 11592 --- [item-service] [restartedMain] org.hibernate.orm.deprecation            : HHH90000026: MySQL8Dialect has been deprecated; use org.hibernate.dialect.MySQLDialect instead
2023-12-17T15:18:19.579+09:00  INFO 11592 --- [item-service] [restartedMain] o.h.e.t.j.p.i.JtaPlatformInitiator       : HHH000489: No JTA platform available (set 'hibernate.transaction.jta.platform' to enable JTA platform integration)
2023-12-17T15:18:19.632+09:00  INFO 11592 --- [item-service] [restartedMain] j.LocalContainerEntityManagerFactoryBean : Initialized JPA EntityManagerFactory for persistence unit 'default'
2023-12-17T15:18:19.980+09:00  WARN 11592 --- [item-service] [restartedMain] JpaBaseConfiguration$JpaWebConfiguration : spring.jpa.open-in-view is enabled by default. Therefore, database queries may be performed during view rendering. Explicitly configure spring.jpa.open-in-view to disable this warning
2023-12-17T15:18:20.671+09:00  INFO 11592 --- [item-service] [restartedMain] o.s.b.d.a.OptionalLiveReloadServer       : LiveReload server is running on port 35729
2023-12-17T15:18:20.733+09:00  WARN 11592 --- [item-service] [restartedMain] ConfigServletWebServerApplicationContext : Exception encountered during context initialization - cancelling refresh attempt: org.springframework.context.ApplicationContextException: Failed to start bean 'webServerStartStop'
2023-12-17T15:18:20.735+09:00  INFO 11592 --- [item-service] [restartedMain] j.LocalContainerEntityManagerFactoryBean : Closing JPA EntityManagerFactory for persistence unit 'default'
2023-12-17T15:18:20.738+09:00  INFO 11592 --- [item-service] [restartedMain] com.zaxxer.hikari.HikariDataSource       : HikariPool-1 - Shutdown initiated...
2023-12-17T15:18:20.743+09:00  INFO 11592 --- [item-service] [restartedMain] com.zaxxer.hikari.HikariDataSource       : HikariPool-1 - Shutdown completed.
2023-12-17T15:18:20.745+09:00  INFO 11592 --- [item-service] [restartedMain] o.apache.catalina.core.StandardService   : Stopping service [Tomcat]
2023-12-17T15:18:20.757+09:00  INFO 11592 --- [item-service] [restartedMain] .s.b.a.l.ConditionEvaluationReportLogger : 

Error starting ApplicationContext. To display the condition evaluation report re-run your application with 'debug' enabled.
2023-12-17T15:18:20.776+09:00 ERROR 11592 --- [item-service] [restartedMain] o.s.b.d.LoggingFailureAnalysisReporter   : 

***************************
APPLICATION FAILED TO START
***************************

Description:

Web server failed to start. Port 5000 was already in use.

Action:

Identify and stop the process that's listening on port 5000 or configure this application to listen on another port.

2023-12-17T15:18:35.680+09:00  INFO 11616 --- [item-service] [restartedMain] org.msa.item.ItemApplication             : No active profile set, falling back to 1 default profile: "default"
2023-12-17T15:18:36.215+09:00  INFO 11616 --- [item-service] [restartedMain] .s.d.r.c.RepositoryConfigurationDelegate : Bootstrapping Spring Data JPA repositories in DEFAULT mode.
2023-12-17T15:18:36.250+09:00  INFO 11616 --- [item-service] [restartedMain] .s.d.r.c.RepositoryConfigurationDelegate : Finished Spring Data repository scanning in 28 ms. Found 1 JPA repository interface.
2023-12-17T15:18:36.392+09:00  INFO 11616 --- [item-service] [restartedMain] o.s.cloud.context.scope.GenericScope     : BeanFactory id=87655ba4-a19e-38ea-a158-1622ca79c49b
2023-12-17T15:18:36.805+09:00  INFO 11616 --- [item-service] [restartedMain] o.s.b.w.embedded.tomcat.TomcatWebServer  : Tomcat initialized with port 8081 (http)
2023-12-17T15:18:36.813+09:00  INFO 11616 --- [item-service] [restartedMain] o.apache.catalina.core.StandardService   : Starting service [Tomcat]
2023-12-17T15:18:36.813+09:00  INFO 11616 --- [item-service] [restartedMain] o.apache.catalina.core.StandardEngine    : Starting Servlet engine: [Apache Tomcat/10.1.16]
2023-12-17T15:18:36.853+09:00  INFO 11616 --- [item-service] [restartedMain] o.a.c.c.C.[Tomcat].[localhost].[/]       : Initializing Spring embedded WebApplicationContext
2023-12-17T15:18:36.854+09:00  INFO 11616 --- [item-service] [restartedMain] w.s.c.ServletWebServerApplicationContext : Root WebApplicationContext: initialization completed in 1162 ms
2023-12-17T15:18:36.972+09:00  INFO 11616 --- [item-service] [restartedMain] o.hibernate.jpa.internal.util.LogHelper  : HHH000204: Processing PersistenceUnitInfo [name: default]
2023-12-17T15:18:37.013+09:00  INFO 11616 --- [item-service] [restartedMain] org.hibernate.Version                    : HHH000412: Hibernate ORM core version 6.3.1.Final
2023-12-17T15:18:37.042+09:00  INFO 11616 --- [item-service] [restartedMain] o.h.c.internal.RegionFactoryInitiator    : HHH000026: Second-level cache disabled
2023-12-17T15:18:37.241+09:00  INFO 11616 --- [item-service] [restartedMain] o.s.o.j.p.SpringPersistenceUnitInfo      : No LoadTimeWeaver setup: ignoring JPA class transformer
2023-12-17T15:18:37.261+09:00  INFO 11616 --- [item-service] [restartedMain] com.zaxxer.hikari.HikariDataSource       : HikariPool-1 - Starting...
2023-12-17T15:18:37.376+09:00  INFO 11616 --- [item-service] [restartedMain] com.zaxxer.hikari.pool.HikariPool        : HikariPool-1 - Added connection com.mysql.cj.jdbc.ConnectionImpl@7959352b
2023-12-17T15:18:37.378+09:00  INFO 11616 --- [item-service] [restartedMain] com.zaxxer.hikari.HikariDataSource       : HikariPool-1 - Start completed.
2023-12-17T15:18:37.412+09:00  WARN 11616 --- [item-service] [restartedMain] org.hibernate.orm.deprecation            : HHH90000025: MySQL8Dialect does not need to be specified explicitly using 'hibernate.dialect' (remove the property setting and it will be selected by default)
2023-12-17T15:18:37.413+09:00  WARN 11616 --- [item-service] [restartedMain] org.hibernate.orm.deprecation            : HHH90000026: MySQL8Dialect has been deprecated; use org.hibernate.dialect.MySQLDialect instead
2023-12-17T15:18:38.049+09:00  INFO 11616 --- [item-service] [restartedMain] o.h.e.t.j.p.i.JtaPlatformInitiator       : HHH000489: No JTA platform available (set 'hibernate.transaction.jta.platform' to enable JTA platform integration)
2023-12-17T15:18:38.103+09:00  INFO 11616 --- [item-service] [restartedMain] j.LocalContainerEntityManagerFactoryBean : Initialized JPA EntityManagerFactory for persistence unit 'default'
2023-12-17T15:18:38.403+09:00  WARN 11616 --- [item-service] [restartedMain] JpaBaseConfiguration$JpaWebConfiguration : spring.jpa.open-in-view is enabled by default. Therefore, database queries may be performed during view rendering. Explicitly configure spring.jpa.open-in-view to disable this warning
2023-12-17T15:18:39.017+09:00  INFO 11616 --- [item-service] [restartedMain] o.s.b.d.a.OptionalLiveReloadServer       : LiveReload server is running on port 35729
2023-12-17T15:18:39.090+09:00  INFO 11616 --- [item-service] [restartedMain] o.s.b.w.embedded.tomcat.TomcatWebServer  : Tomcat started on port 8081 (http) with context path ''
2023-12-17T15:18:39.101+09:00  INFO 11616 --- [item-service] [restartedMain] org.msa.item.ItemApplication             : Started ItemApplication in 4.334 seconds (process running for 4.992)
2023-12-17T15:19:43.689+09:00  INFO 11616 --- [item-service] [http-nio-8081-exec-1] o.a.c.c.C.[Tomcat].[localhost].[/]       : Initializing Spring DispatcherServlet 'dispatcherServlet'
2023-12-17T15:19:43.690+09:00  INFO 11616 --- [item-service] [http-nio-8081-exec-1] o.s.web.servlet.DispatcherServlet        : Initializing Servlet 'dispatcherServlet'
2023-12-17T15:19:43.692+09:00  INFO 11616 --- [item-service] [http-nio-8081-exec-1] o.s.web.servlet.DispatcherServlet        : Completed initialization in 2 ms
2023-12-17T15:19:52.921+09:00  INFO 11616 --- [item-service] [File Watcher] rtingClassPathChangeChangedEventListener : Restarting due to 2 class path changes (0 additions, 1 deletion, 1 modification)
2023-12-17T15:19:52.933+09:00  INFO 11616 --- [item-service] [Thread-7] j.LocalContainerEntityManagerFactoryBean : Closing JPA EntityManagerFactory for persistence unit 'default'
2023-12-17T15:19:52.936+09:00  INFO 11616 --- [item-service] [Thread-7] com.zaxxer.hikari.HikariDataSource       : HikariPool-1 - Shutdown initiated...
2023-12-17T15:19:52.945+09:00  INFO 11616 --- [item-service] [Thread-7] com.zaxxer.hikari.HikariDataSource       : HikariPool-1 - Shutdown completed.
2023-12-17T15:19:52.948+09:00  INFO 11616 --- [item-service] [Thread-7] o.apache.catalina.core.StandardService   : Stopping service [Tomcat]
2023-12-17T15:19:52.950+09:00  INFO 11616 --- [item-service] [Thread-7] o.a.c.c.C.[Tomcat].[localhost].[/]       : Destroying Spring FrameworkServlet 'dispatcherServlet'
2023-12-17T15:19:53.138+09:00  INFO 11616 --- [item-service] [restartedMain] org.msa.item.ItemApplication             : No active profile set, falling back to 1 default profile: "default"
2023-12-17T15:19:53.321+09:00  INFO 11616 --- [item-service] [restartedMain] .s.d.r.c.RepositoryConfigurationDelegate : Bootstrapping Spring Data JPA repositories in DEFAULT mode.
2023-12-17T15:19:53.329+09:00  INFO 11616 --- [item-service] [restartedMain] .s.d.r.c.RepositoryConfigurationDelegate : Finished Spring Data repository scanning in 7 ms. Found 1 JPA repository interface.
2023-12-17T15:19:53.368+09:00  INFO 11616 --- [item-service] [restartedMain] o.s.cloud.context.scope.GenericScope     : BeanFactory id=87655ba4-a19e-38ea-a158-1622ca79c49b
2023-12-17T15:19:53.423+09:00  INFO 11616 --- [item-service] [restartedMain] o.s.b.w.embedded.tomcat.TomcatWebServer  : Tomcat initialized with port 8081 (http)
2023-12-17T15:19:53.424+09:00  INFO 11616 --- [item-service] [restartedMain] o.apache.catalina.core.StandardService   : Starting service [Tomcat]
2023-12-17T15:19:53.424+09:00  INFO 11616 --- [item-service] [restartedMain] o.apache.catalina.core.StandardEngine    : Starting Servlet engine: [Apache Tomcat/10.1.16]
2023-12-17T15:19:53.438+09:00  INFO 11616 --- [item-service] [restartedMain] o.a.c.c.C.[Tomcat].[localhost].[/]       : Initializing Spring embedded WebApplicationContext
2023-12-17T15:19:53.438+09:00  INFO 11616 --- [item-service] [restartedMain] w.s.c.ServletWebServerApplicationContext : Root WebApplicationContext: initialization completed in 298 ms
2023-12-17T15:19:53.466+09:00  INFO 11616 --- [item-service] [restartedMain] o.hibernate.jpa.internal.util.LogHelper  : HHH000204: Processing PersistenceUnitInfo [name: default]
2023-12-17T15:19:53.468+09:00  INFO 11616 --- [item-service] [restartedMain] o.h.c.internal.RegionFactoryInitiator    : HHH000026: Second-level cache disabled
2023-12-17T15:19:53.471+09:00  INFO 11616 --- [item-service] [restartedMain] o.s.o.j.p.SpringPersistenceUnitInfo      : No LoadTimeWeaver setup: ignoring JPA class transformer
2023-12-17T15:19:53.472+09:00  INFO 11616 --- [item-service] [restartedMain] com.zaxxer.hikari.HikariDataSource       : HikariPool-2 - Starting...
2023-12-17T15:19:53.477+09:00  INFO 11616 --- [item-service] [restartedMain] com.zaxxer.hikari.pool.HikariPool        : HikariPool-2 - Added connection com.mysql.cj.jdbc.ConnectionImpl@5a45b11b
2023-12-17T15:19:53.478+09:00  INFO 11616 --- [item-service] [restartedMain] com.zaxxer.hikari.HikariDataSource       : HikariPool-2 - Start completed.
2023-12-17T15:19:53.478+09:00  WARN 11616 --- [item-service] [restartedMain] org.hibernate.orm.deprecation            : HHH90000025: MySQL8Dialect does not need to be specified explicitly using 'hibernate.dialect' (remove the property setting and it will be selected by default)
2023-12-17T15:19:53.479+09:00  WARN 11616 --- [item-service] [restartedMain] org.hibernate.orm.deprecation            : HHH90000026: MySQL8Dialect has been deprecated; use org.hibernate.dialect.MySQLDialect instead
2023-12-17T15:19:53.499+09:00  INFO 11616 --- [item-service] [restartedMain] o.h.e.t.j.p.i.JtaPlatformInitiator       : HHH000489: No JTA platform available (set 'hibernate.transaction.jta.platform' to enable JTA platform integration)
2023-12-17T15:19:53.540+09:00  INFO 11616 --- [item-service] [restartedMain] j.LocalContainerEntityManagerFactoryBean : Initialized JPA EntityManagerFactory for persistence unit 'default'
2023-12-17T15:19:53.618+09:00  WARN 11616 --- [item-service] [restartedMain] JpaBaseConfiguration$JpaWebConfiguration : spring.jpa.open-in-view is enabled by default. Therefore, database queries may be performed during view rendering. Explicitly configure spring.jpa.open-in-view to disable this warning
2023-12-17T15:19:53.945+09:00  INFO 11616 --- [item-service] [restartedMain] o.s.b.d.a.OptionalLiveReloadServer       : LiveReload server is running on port 35729
2023-12-17T15:19:53.980+09:00  INFO 11616 --- [item-service] [restartedMain] o.s.b.w.embedded.tomcat.TomcatWebServer  : Tomcat started on port 8081 (http) with context path ''
2023-12-17T15:19:53.986+09:00  INFO 11616 --- [item-service] [restartedMain] org.msa.item.ItemApplication             : Started ItemApplication in 0.978 seconds (process running for 79.876)
2023-12-17T15:19:53.988+09:00  INFO 11616 --- [item-service] [restartedMain] .ConditionEvaluationDeltaLoggingListener : Condition evaluation unchanged
2023-12-17T15:20:26.587+09:00  INFO 11616 --- [item-service] [File Watcher] rtingClassPathChangeChangedEventListener : Restarting due to 1 class path change (0 additions, 0 deletions, 1 modification)
2023-12-17T15:20:26.612+09:00  INFO 11616 --- [item-service] [Thread-10] j.LocalContainerEntityManagerFactoryBean : Closing JPA EntityManagerFactory for persistence unit 'default'
2023-12-17T15:20:26.614+09:00  INFO 11616 --- [item-service] [Thread-10] com.zaxxer.hikari.HikariDataSource       : HikariPool-2 - Shutdown initiated...
2023-12-17T15:20:26.618+09:00  INFO 11616 --- [item-service] [Thread-10] com.zaxxer.hikari.HikariDataSource       : HikariPool-2 - Shutdown completed.
2023-12-17T15:20:26.620+09:00  INFO 11616 --- [item-service] [Thread-10] o.apache.catalina.core.StandardService   : Stopping service [Tomcat]
2023-12-17T15:20:26.931+09:00  INFO 11616 --- [item-service] [restartedMain] org.msa.item.ItemApplication             : No active profile set, falling back to 1 default profile: "default"
2023-12-17T15:20:27.168+09:00  INFO 11616 --- [item-service] [restartedMain] .s.d.r.c.RepositoryConfigurationDelegate : Bootstrapping Spring Data JPA repositories in DEFAULT mode.
2023-12-17T15:20:27.176+09:00  INFO 11616 --- [item-service] [restartedMain] .s.d.r.c.RepositoryConfigurationDelegate : Finished Spring Data repository scanning in 7 ms. Found 1 JPA repository interface.
2023-12-17T15:20:27.218+09:00  INFO 11616 --- [item-service] [restartedMain] o.s.cloud.context.scope.GenericScope     : BeanFactory id=87655ba4-a19e-38ea-a158-1622ca79c49b
2023-12-17T15:20:27.287+09:00  INFO 11616 --- [item-service] [restartedMain] o.s.b.w.embedded.tomcat.TomcatWebServer  : Tomcat initialized with port 8081 (http)
2023-12-17T15:20:27.287+09:00  INFO 11616 --- [item-service] [restartedMain] o.apache.catalina.core.StandardService   : Starting service [Tomcat]
2023-12-17T15:20:27.287+09:00  INFO 11616 --- [item-service] [restartedMain] o.apache.catalina.core.StandardEngine    : Starting Servlet engine: [Apache Tomcat/10.1.16]
2023-12-17T15:20:27.300+09:00  INFO 11616 --- [item-service] [restartedMain] o.a.c.c.C.[Tomcat].[localhost].[/]       : Initializing Spring embedded WebApplicationContext
2023-12-17T15:20:27.300+09:00  INFO 11616 --- [item-service] [restartedMain] w.s.c.ServletWebServerApplicationContext : Root WebApplicationContext: initialization completed in 365 ms
2023-12-17T15:20:27.333+09:00  INFO 11616 --- [item-service] [restartedMain] o.hibernate.jpa.internal.util.LogHelper  : HHH000204: Processing PersistenceUnitInfo [name: default]
2023-12-17T15:20:27.335+09:00  INFO 11616 --- [item-service] [restartedMain] o.h.c.internal.RegionFactoryInitiator    : HHH000026: Second-level cache disabled
2023-12-17T15:20:27.339+09:00  INFO 11616 --- [item-service] [restartedMain] o.s.o.j.p.SpringPersistenceUnitInfo      : No LoadTimeWeaver setup: ignoring JPA class transformer
2023-12-17T15:20:27.339+09:00  INFO 11616 --- [item-service] [restartedMain] com.zaxxer.hikari.HikariDataSource       : HikariPool-3 - Starting...
2023-12-17T15:20:27.345+09:00  INFO 11616 --- [item-service] [restartedMain] com.zaxxer.hikari.pool.HikariPool        : HikariPool-3 - Added connection com.mysql.cj.jdbc.ConnectionImpl@4b5cc927
2023-12-17T15:20:27.346+09:00  INFO 11616 --- [item-service] [restartedMain] com.zaxxer.hikari.HikariDataSource       : HikariPool-3 - Start completed.
2023-12-17T15:20:27.346+09:00  WARN 11616 --- [item-service] [restartedMain] org.hibernate.orm.deprecation            : HHH90000025: MySQL8Dialect does not need to be specified explicitly using 'hibernate.dialect' (remove the property setting and it will be selected by default)
2023-12-17T15:20:27.346+09:00  WARN 11616 --- [item-service] [restartedMain] org.hibernate.orm.deprecation            : HHH90000026: MySQL8Dialect has been deprecated; use org.hibernate.dialect.MySQLDialect instead
2023-12-17T15:20:27.368+09:00  INFO 11616 --- [item-service] [restartedMain] o.h.e.t.j.p.i.JtaPlatformInitiator       : HHH000489: No JTA platform available (set 'hibernate.transaction.jta.platform' to enable JTA platform integration)
2023-12-17T15:20:27.400+09:00  INFO 11616 --- [item-service] [restartedMain] j.LocalContainerEntityManagerFactoryBean : Initialized JPA EntityManagerFactory for persistence unit 'default'
2023-12-17T15:20:27.483+09:00  WARN 11616 --- [item-service] [restartedMain] JpaBaseConfiguration$JpaWebConfiguration : spring.jpa.open-in-view is enabled by default. Therefore, database queries may be performed during view rendering. Explicitly configure spring.jpa.open-in-view to disable this warning
2023-12-17T15:20:27.819+09:00  INFO 11616 --- [item-service] [restartedMain] o.s.b.d.a.OptionalLiveReloadServer       : LiveReload server is running on port 35729
2023-12-17T15:20:27.858+09:00  INFO 11616 --- [item-service] [restartedMain] o.s.b.w.embedded.tomcat.TomcatWebServer  : Tomcat started on port 8081 (http) with context path ''
2023-12-17T15:20:27.869+09:00  INFO 11616 --- [item-service] [restartedMain] org.msa.item.ItemApplication             : Started ItemApplication in 1.166 seconds (process running for 113.758)
2023-12-17T15:20:27.870+09:00  INFO 11616 --- [item-service] [restartedMain] .ConditionEvaluationDeltaLoggingListener : Condition evaluation unchanged
2023-12-17T15:20:32.259+09:00  INFO 11616 --- [item-service] [File Watcher] rtingClassPathChangeChangedEventListener : Restarting due to 1 class path change (0 additions, 0 deletions, 1 modification)
2023-12-17T15:20:32.264+09:00  INFO 11616 --- [item-service] [Thread-17] j.LocalContainerEntityManagerFactoryBean : Closing JPA EntityManagerFactory for persistence unit 'default'
2023-12-17T15:20:32.283+09:00  INFO 11616 --- [item-service] [Thread-17] com.zaxxer.hikari.HikariDataSource       : HikariPool-3 - Shutdown initiated...
2023-12-17T15:20:32.286+09:00  INFO 11616 --- [item-service] [Thread-17] com.zaxxer.hikari.HikariDataSource       : HikariPool-3 - Shutdown completed.
2023-12-17T15:20:32.287+09:00  INFO 11616 --- [item-service] [Thread-17] o.apache.catalina.core.StandardService   : Stopping service [Tomcat]
2023-12-17T15:20:32.463+09:00  INFO 11616 --- [item-service] [restartedMain] org.msa.item.ItemApplication             : No active profile set, falling back to 1 default profile: "default"
2023-12-17T15:20:32.664+09:00  INFO 11616 --- [item-service] [restartedMain] .s.d.r.c.RepositoryConfigurationDelegate : Bootstrapping Spring Data JPA repositories in DEFAULT mode.
2023-12-17T15:20:32.669+09:00  INFO 11616 --- [item-service] [restartedMain] .s.d.r.c.RepositoryConfigurationDelegate : Finished Spring Data repository scanning in 4 ms. Found 1 JPA repository interface.
2023-12-17T15:20:32.707+09:00  INFO 11616 --- [item-service] [restartedMain] o.s.cloud.context.scope.GenericScope     : BeanFactory id=87655ba4-a19e-38ea-a158-1622ca79c49b
2023-12-17T15:20:32.775+09:00  INFO 11616 --- [item-service] [restartedMain] o.s.b.w.embedded.tomcat.TomcatWebServer  : Tomcat initialized with port 8081 (http)
2023-12-17T15:20:32.775+09:00  INFO 11616 --- [item-service] [restartedMain] o.apache.catalina.core.StandardService   : Starting service [Tomcat]
2023-12-17T15:20:32.775+09:00  INFO 11616 --- [item-service] [restartedMain] o.apache.catalina.core.StandardEngine    : Starting Servlet engine: [Apache Tomcat/10.1.16]
2023-12-17T15:20:32.790+09:00  INFO 11616 --- [item-service] [restartedMain] o.a.c.c.C.[Tomcat].[localhost].[/]       : Initializing Spring embedded WebApplicationContext
2023-12-17T15:20:32.790+09:00  INFO 11616 --- [item-service] [restartedMain] w.s.c.ServletWebServerApplicationContext : Root WebApplicationContext: initialization completed in 310 ms
2023-12-17T15:20:32.895+09:00  INFO 11616 --- [item-service] [restartedMain] o.hibernate.jpa.internal.util.LogHelper  : HHH000204: Processing PersistenceUnitInfo [name: default]
2023-12-17T15:20:32.898+09:00  INFO 11616 --- [item-service] [restartedMain] o.h.c.internal.RegionFactoryInitiator    : HHH000026: Second-level cache disabled
2023-12-17T15:20:32.903+09:00  INFO 11616 --- [item-service] [restartedMain] o.s.o.j.p.SpringPersistenceUnitInfo      : No LoadTimeWeaver setup: ignoring JPA class transformer
2023-12-17T15:20:32.904+09:00  INFO 11616 --- [item-service] [restartedMain] com.zaxxer.hikari.HikariDataSource       : HikariPool-4 - Starting...
2023-12-17T15:20:32.912+09:00  INFO 11616 --- [item-service] [restartedMain] com.zaxxer.hikari.pool.HikariPool        : HikariPool-4 - Added connection com.mysql.cj.jdbc.ConnectionImpl@a845c54
2023-12-17T15:20:32.912+09:00  INFO 11616 --- [item-service] [restartedMain] com.zaxxer.hikari.HikariDataSource       : HikariPool-4 - Start completed.
2023-12-17T15:20:32.913+09:00  WARN 11616 --- [item-service] [restartedMain] org.hibernate.orm.deprecation            : HHH90000025: MySQL8Dialect does not need to be specified explicitly using 'hibernate.dialect' (remove the property setting and it will be selected by default)
2023-12-17T15:20:32.913+09:00  WARN 11616 --- [item-service] [restartedMain] org.hibernate.orm.deprecation            : HHH90000026: MySQL8Dialect has been deprecated; use org.hibernate.dialect.MySQLDialect instead
2023-12-17T15:20:32.944+09:00  INFO 11616 --- [item-service] [restartedMain] o.h.e.t.j.p.i.JtaPlatformInitiator       : HHH000489: No JTA platform available (set 'hibernate.transaction.jta.platform' to enable JTA platform integration)
2023-12-17T15:20:33.004+09:00  INFO 11616 --- [item-service] [restartedMain] j.LocalContainerEntityManagerFactoryBean : Initialized JPA EntityManagerFactory for persistence unit 'default'
2023-12-17T15:20:33.220+09:00  WARN 11616 --- [item-service] [restartedMain] JpaBaseConfiguration$JpaWebConfiguration : spring.jpa.open-in-view is enabled by default. Therefore, database queries may be performed during view rendering. Explicitly configure spring.jpa.open-in-view to disable this warning
2023-12-17T15:20:33.628+09:00  INFO 11616 --- [item-service] [restartedMain] o.s.b.d.a.OptionalLiveReloadServer       : LiveReload server is running on port 35729
2023-12-17T15:20:33.670+09:00  INFO 11616 --- [item-service] [restartedMain] o.s.b.w.embedded.tomcat.TomcatWebServer  : Tomcat started on port 8081 (http) with context path ''
2023-12-17T15:20:33.678+09:00  INFO 11616 --- [item-service] [restartedMain] org.msa.item.ItemApplication             : Started ItemApplication in 1.331 seconds (process running for 119.567)
2023-12-17T15:20:33.680+09:00  INFO 11616 --- [item-service] [restartedMain] .ConditionEvaluationDeltaLoggingListener : Condition evaluation unchanged
2023-12-17T15:20:35.042+09:00  INFO 11616 --- [item-service] [File Watcher] rtingClassPathChangeChangedEventListener : Restarting due to 1 class path change (0 additions, 0 deletions, 1 modification)
2023-12-17T15:20:35.048+09:00  INFO 11616 --- [item-service] [Thread-24] j.LocalContainerEntityManagerFactoryBean : Closing JPA EntityManagerFactory for persistence unit 'default'
2023-12-17T15:20:35.048+09:00  INFO 11616 --- [item-service] [Thread-24] com.zaxxer.hikari.HikariDataSource       : HikariPool-4 - Shutdown initiated...
2023-12-17T15:20:35.050+09:00  INFO 11616 --- [item-service] [Thread-24] com.zaxxer.hikari.HikariDataSource       : HikariPool-4 - Shutdown completed.
2023-12-17T15:20:35.051+09:00  INFO 11616 --- [item-service] [Thread-24] o.apache.catalina.core.StandardService   : Stopping service [Tomcat]
